2023-09-15 15:36:47.388 [info] Log level: Info
2023-09-15 15:36:47.388 [info] Validating found git in: "git"
2023-09-15 15:36:47.388 [info] Using git "2.34.1" from "git"
2023-09-15 15:36:47.388 [info] > git rev-parse --show-toplevel [249ms]
2023-09-15 15:36:47.537 [info] > git rev-parse --git-dir --git-common-dir [46ms]
2023-09-15 15:36:47.792 [info] Open repository: /home/user/webpages_tech/Lab-08
2023-09-15 15:36:48.314 [info] > git rev-parse --show-toplevel [367ms]
2023-09-15 15:36:48.326 [info] > git config --get commit.template [409ms]
2023-09-15 15:36:49.297 [info] > git check-ignore -v -z --stdin [97ms]
2023-09-15 15:36:49.304 [info] > git rev-parse --show-toplevel [756ms]
2023-09-15 15:36:49.495 [info] > git for-each-ref --format=%(refname)%00%(upstream:short)%00%(objectname)%00%(upstream:track)%00%(upstream:remotename)%00%(upstream:remoteref) refs/heads/main refs/remotes/main [243ms]
2023-09-15 15:36:50.171 [info] > git status -z -uall [511ms]
2023-09-15 15:36:50.172 [info] > git show --textconv :app.js [424ms]
2023-09-15 15:36:50.183 [info] > git ls-files --stage -- /home/user/webpages_tech/Lab-08/app.js [270ms]
2023-09-15 15:36:50.825 [info] > git cat-file -s c58c6b313cb63288d7d3faaa1505f2ffad89cd63 [597ms]
2023-09-15 15:36:50.871 [info] > git config --get commit.template [50ms]
2023-09-15 15:36:51.698 [info] > git for-each-ref --format=%(refname)%00%(upstream:short)%00%(objectname)%00%(upstream:track)%00%(upstream:remotename)%00%(upstream:remoteref) refs/heads/main refs/remotes/main [370ms]
2023-09-15 15:36:51.957 [info] > git status -z -uall [186ms]
2023-09-15 15:36:54.238 [info] > git config --get commit.template [9ms]
2023-09-15 15:36:54.240 [info] > git for-each-ref --format=%(refname)%00%(upstream:short)%00%(objectname)%00%(upstream:track)%00%(upstream:remotename)%00%(upstream:remoteref) refs/heads/main refs/remotes/main [4ms]
2023-09-15 15:36:54.257 [info] > git status -z -uall [8ms]
2023-09-15 15:36:59.316 [info] > git for-each-ref --format=%(refname)%00%(upstream:short)%00%(objectname)%00%(upstream:track)%00%(upstream:remotename)%00%(upstream:remoteref) refs/heads/main refs/remotes/main [15ms]
2023-09-15 15:36:59.321 [info] > git config --get commit.template [26ms]
2023-09-15 15:36:59.340 [info] > git status -z -uall [9ms]
2023-09-15 15:37:04.417 [info] > git config --get commit.template [30ms]
2023-09-15 15:37:04.418 [info] > git for-each-ref --format=%(refname)%00%(upstream:short)%00%(objectname)%00%(upstream:track)%00%(upstream:remotename)%00%(upstream:remoteref) refs/heads/main refs/remotes/main [7ms]
2023-09-15 15:37:04.475 [info] > git status -z -uall [46ms]
2023-09-15 15:37:10.068 [info] > git config --get commit.template [35ms]
2023-09-15 15:37:10.076 [info] > git for-each-ref --format=%(refname)%00%(upstream:short)%00%(objectname)%00%(upstream:track)%00%(upstream:remotename)%00%(upstream:remoteref) refs/heads/main refs/remotes/main [12ms]
2023-09-15 15:37:10.092 [info] > git status -z -uall [9ms]
2023-09-15 15:37:15.138 [info] > git config --get commit.template [6ms]
2023-09-15 15:37:15.142 [info] > git for-each-ref --format=%(refname)%00%(upstream:short)%00%(objectname)%00%(upstream:track)%00%(upstream:remotename)%00%(upstream:remoteref) refs/heads/main refs/remotes/main [4ms]
2023-09-15 15:37:15.158 [info] > git status -z -uall [7ms]
