2023-09-15 08:56:45.568 [info] Extension host with pid 4137 started
2023-09-15 08:56:46.236 [info] ExtensionService#_doActivateExtension vscode.github-authentication, startup: false, activationEvent: 'onAuthenticationRequest:github'
2023-09-15 08:56:46.706 [info] ExtensionService#_doActivateExtension vscode.git-base, startup: true, activationEvent: '*', root cause: vscode.git
2023-09-15 08:56:46.725 [info] ExtensionService#_doActivateExtension vscode.microsoft-authentication, startup: false, activationEvent: 'onAuthenticationRequest:microsoft'
2023-09-15 08:56:46.880 [info] ExtensionService#_doActivateExtension vscode.git, startup: true, activationEvent: '*'
2023-09-15 08:56:47.105 [info] ExtensionService#_doActivateExtension vscode.github, startup: true, activationEvent: '*'
2023-09-15 08:56:47.624 [info] Eager extensions activated
2023-09-15 08:56:47.761 [info] ExtensionService#_doActivateExtension vscode.debug-auto-launch, startup: false, activationEvent: 'onStartupFinished'
2023-09-15 08:56:47.771 [info] ExtensionService#_doActivateExtension vscode.merge-conflict, startup: false, activationEvent: 'onStartupFinished'
2023-09-15 08:56:47.950 [info] ExtensionService#_doActivateExtension ms-edgedevtools.vscode-edge-devtools, startup: false, activationEvent: 'onStartupFinished'
2023-09-15 08:56:48.962 [info] ExtensionService#_doActivateExtension ritwickdey.LiveServer, startup: false, activationEvent: 'onStartupFinished'
2023-09-15 08:57:08.228 [info] ExtensionService#_doActivateExtension vscode.html-language-features, startup: false, activationEvent: 'onLanguage:html'
2023-09-15 08:57:08.445 [info] ExtensionService#_doActivateExtension vscode.emmet, startup: false, activationEvent: 'onLanguage'
2023-09-15 08:57:26.820 [info] ExtensionService#_doActivateExtension vscode.css-language-features, startup: false, activationEvent: 'onLanguage:css'
2023-09-15 08:57:51.590 [info] ExtensionService#_doActivateExtension vscode.typescript-language-features, startup: false, activationEvent: 'onLanguage:javascript'
2023-09-15 08:58:09.432 [info] Extension host terminating: renderer closed the MessagePort
2023-09-15 08:58:11.849 [info] Extension host with pid 4298 started
2023-09-15 08:58:11.849 [info] Skipping acquiring lock for /home/user/webpages_tech/Lab-08/~/.vscode-root/User/workspaceStorage/af9bcdfe6bee274ab38cb3471161fb90.
2023-09-15 08:58:12.075 [info] ExtensionService#_doActivateExtension vscode.git-base, startup: true, activationEvent: '*'
2023-09-15 08:58:12.179 [info] ExtensionService#_doActivateExtension vscode.github, startup: true, activationEvent: '*'
2023-09-15 08:58:12.211 [info] Eager extensions activated
2023-09-15 08:58:12.223 [info] ExtensionService#_doActivateExtension vscode.debug-auto-launch, startup: false, activationEvent: 'onStartupFinished'
2023-09-15 08:58:12.225 [info] ExtensionService#_doActivateExtension vscode.merge-conflict, startup: false, activationEvent: 'onStartupFinished'
2023-09-15 08:58:12.240 [info] ExtensionService#_doActivateExtension ms-edgedevtools.vscode-edge-devtools, startup: false, activationEvent: 'onStartupFinished'
2023-09-15 08:58:12.744 [info] ExtensionService#_doActivateExtension vscode.github-authentication, startup: false, activationEvent: 'onAuthenticationRequest:github'
2023-09-15 08:58:13.194 [info] ExtensionService#_doActivateExtension vscode.microsoft-authentication, startup: false, activationEvent: 'onAuthenticationRequest:microsoft'
2023-09-15 08:58:14.461 [info] Extension host with pid 4137 exiting with code 0
2023-09-15 08:58:15.588 [info] ExtensionService#_doActivateExtension vscode.git, startup: false, activationEvent: 'api', root cause: vscode.github
2023-09-15 08:58:15.655 [info] ExtensionService#_doActivateExtension ritwickdey.LiveServer, startup: false, activationEvent: 'onStartupFinished'
2023-09-15 08:58:16.635 [info] ExtensionService#_doActivateExtension vscode.html-language-features, startup: false, activationEvent: 'onLanguage:html'
2023-09-15 08:58:16.676 [info] ExtensionService#_doActivateExtension vscode.emmet, startup: false, activationEvent: 'onLanguage'
2023-09-15 09:23:58.855 [info] ExtensionService#_doActivateExtension vscode.typescript-language-features, startup: false, activationEvent: 'onLanguage:javascript'
2023-09-15 09:25:45.008 [warning] [Decorations] CAPPING events from decorations provider vscode.git 371
2023-09-15 09:25:50.087 [warning] [Decorations] CAPPING events from decorations provider vscode.git 371
2023-09-15 09:25:55.230 [warning] [Decorations] CAPPING events from decorations provider vscode.git 372
2023-09-15 09:26:00.350 [warning] [Decorations] CAPPING events from decorations provider vscode.git 372
2023-09-15 09:26:05.458 [warning] [Decorations] CAPPING events from decorations provider vscode.git 372
2023-09-15 09:26:15.488 [warning] [Decorations] CAPPING events from decorations provider vscode.git 373
2023-09-15 09:26:20.571 [warning] [Decorations] CAPPING events from decorations provider vscode.git 372
2023-09-15 09:26:25.662 [warning] [Decorations] CAPPING events from decorations provider vscode.git 372
2023-09-15 09:26:30.732 [warning] [Decorations] CAPPING events from decorations provider vscode.git 372
2023-09-15 09:26:35.824 [warning] [Decorations] CAPPING events from decorations provider vscode.git 372
2023-09-15 09:26:40.955 [warning] [Decorations] CAPPING events from decorations provider vscode.git 372
2023-09-15 09:26:46.016 [warning] [Decorations] CAPPING events from decorations provider vscode.git 372
2023-09-15 09:26:51.080 [warning] [Decorations] CAPPING events from decorations provider vscode.git 372
2023-09-15 09:26:56.139 [warning] [Decorations] CAPPING events from decorations provider vscode.git 372
2023-09-15 09:27:01.196 [warning] [Decorations] CAPPING events from decorations provider vscode.git 372
2023-09-15 09:27:06.283 [warning] [Decorations] CAPPING events from decorations provider vscode.git 372
2023-09-15 09:27:11.413 [warning] [Decorations] CAPPING events from decorations provider vscode.git 373
2023-09-15 09:27:16.487 [warning] [Decorations] CAPPING events from decorations provider vscode.git 373
2023-09-15 09:27:21.641 [warning] [Decorations] CAPPING events from decorations provider vscode.git 373
2023-09-15 09:27:26.699 [warning] [Decorations] CAPPING events from decorations provider vscode.git 373
2023-09-15 09:27:31.775 [warning] [Decorations] CAPPING events from decorations provider vscode.git 373
2023-09-15 09:27:36.849 [warning] [Decorations] CAPPING events from decorations provider vscode.git 373
2023-09-15 09:27:41.906 [warning] [Decorations] CAPPING events from decorations provider vscode.git 373
2023-09-15 09:27:51.355 [warning] [Decorations] CAPPING events from decorations provider vscode.git 374
2023-09-15 09:27:56.443 [warning] [Decorations] CAPPING events from decorations provider vscode.git 374
2023-09-15 09:28:07.012 [warning] [Decorations] CAPPING events from decorations provider vscode.git 375
2023-09-15 09:28:12.172 [warning] [Decorations] CAPPING events from decorations provider vscode.git 374
2023-09-15 09:28:17.425 [warning] [Decorations] CAPPING events from decorations provider vscode.git 375
2023-09-15 09:28:22.582 [warning] [Decorations] CAPPING events from decorations provider vscode.git 375
2023-09-15 09:28:27.648 [warning] [Decorations] CAPPING events from decorations provider vscode.git 376
2023-09-15 09:28:32.759 [warning] [Decorations] CAPPING events from decorations provider vscode.git 377
2023-09-15 09:28:37.859 [warning] [Decorations] CAPPING events from decorations provider vscode.git 376
2023-09-15 09:28:42.956 [warning] [Decorations] CAPPING events from decorations provider vscode.git 377
2023-09-15 09:29:34.817 [warning] [Decorations] CAPPING events from decorations provider vscode.git 378
2023-09-15 09:29:39.877 [warning] [Decorations] CAPPING events from decorations provider vscode.git 377
2023-09-15 09:29:44.939 [warning] [Decorations] CAPPING events from decorations provider vscode.git 377
2023-09-15 09:29:50.122 [warning] [Decorations] CAPPING events from decorations provider vscode.git 378
2023-09-15 09:30:15.754 [warning] [Decorations] CAPPING events from decorations provider vscode.git 379
2023-09-15 09:30:20.805 [warning] [Decorations] CAPPING events from decorations provider vscode.git 379
2023-09-15 09:30:29.121 [warning] [Decorations] CAPPING events from decorations provider vscode.git 380
2023-09-15 09:30:34.167 [warning] [Decorations] CAPPING events from decorations provider vscode.git 380
2023-09-15 09:30:39.218 [warning] [Decorations] CAPPING events from decorations provider vscode.git 381
2023-09-15 09:30:44.306 [warning] [Decorations] CAPPING events from decorations provider vscode.git 382
2023-09-15 09:30:49.375 [warning] [Decorations] CAPPING events from decorations provider vscode.git 381
2023-09-15 09:30:54.430 [warning] [Decorations] CAPPING events from decorations provider vscode.git 381
2023-09-15 09:30:59.486 [warning] [Decorations] CAPPING events from decorations provider vscode.git 381
2023-09-15 09:31:04.553 [warning] [Decorations] CAPPING events from decorations provider vscode.git 381
2023-09-15 09:31:09.608 [warning] [Decorations] CAPPING events from decorations provider vscode.git 381
2023-09-15 09:31:14.647 [warning] [Decorations] CAPPING events from decorations provider vscode.git 381
2023-09-15 09:31:19.944 [warning] [Decorations] CAPPING events from decorations provider vscode.git 382
2023-09-15 09:31:25.020 [warning] [Decorations] CAPPING events from decorations provider vscode.git 383
2023-09-15 09:31:30.067 [warning] [Decorations] CAPPING events from decorations provider vscode.git 382
2023-09-15 09:31:35.117 [warning] [Decorations] CAPPING events from decorations provider vscode.git 382
2023-09-15 09:31:40.162 [warning] [Decorations] CAPPING events from decorations provider vscode.git 382
2023-09-15 09:31:45.273 [warning] [Decorations] CAPPING events from decorations provider vscode.git 382
2023-09-15 09:31:50.336 [warning] [Decorations] CAPPING events from decorations provider vscode.git 382
2023-09-15 09:31:55.394 [warning] [Decorations] CAPPING events from decorations provider vscode.git 382
2023-09-15 09:32:00.442 [warning] [Decorations] CAPPING events from decorations provider vscode.git 382
2023-09-15 09:32:05.502 [warning] [Decorations] CAPPING events from decorations provider vscode.git 382
2023-09-15 09:32:10.576 [warning] [Decorations] CAPPING events from decorations provider vscode.git 382
2023-09-15 09:32:15.641 [warning] [Decorations] CAPPING events from decorations provider vscode.git 382
2023-09-15 09:32:20.708 [warning] [Decorations] CAPPING events from decorations provider vscode.git 382
2023-09-15 09:32:25.767 [warning] [Decorations] CAPPING events from decorations provider vscode.git 382
2023-09-15 09:32:30.831 [warning] [Decorations] CAPPING events from decorations provider vscode.git 382
2023-09-15 09:32:35.890 [warning] [Decorations] CAPPING events from decorations provider vscode.git 382
2023-09-15 09:32:40.940 [warning] [Decorations] CAPPING events from decorations provider vscode.git 382
2023-09-15 09:32:45.994 [warning] [Decorations] CAPPING events from decorations provider vscode.git 382
2023-09-15 09:32:51.057 [warning] [Decorations] CAPPING events from decorations provider vscode.git 382
2023-09-15 09:32:56.113 [warning] [Decorations] CAPPING events from decorations provider vscode.git 382
2023-09-15 09:33:01.205 [warning] [Decorations] CAPPING events from decorations provider vscode.git 382
2023-09-15 09:33:06.336 [warning] [Decorations] CAPPING events from decorations provider vscode.git 383
2023-09-15 09:33:13.484 [warning] [Decorations] CAPPING events from decorations provider vscode.git 384
2023-09-15 09:33:18.617 [warning] [Decorations] CAPPING events from decorations provider vscode.git 384
2023-09-15 09:33:23.739 [warning] [Decorations] CAPPING events from decorations provider vscode.git 385
2023-09-15 09:33:28.883 [warning] [Decorations] CAPPING events from decorations provider vscode.git 384
2023-09-15 09:33:34.003 [warning] [Decorations] CAPPING events from decorations provider vscode.git 385
2023-09-15 09:33:39.076 [warning] [Decorations] CAPPING events from decorations provider vscode.git 385
2023-09-15 09:33:44.201 [warning] [Decorations] CAPPING events from decorations provider vscode.git 385
2023-09-15 09:33:49.297 [warning] [Decorations] CAPPING events from decorations provider vscode.git 386
2023-09-15 09:33:54.349 [warning] [Decorations] CAPPING events from decorations provider vscode.git 385
2023-09-15 09:33:59.517 [warning] [Decorations] CAPPING events from decorations provider vscode.git 386
2023-09-15 09:34:06.949 [warning] [Decorations] CAPPING events from decorations provider vscode.git 387
2023-09-15 09:34:12.002 [warning] [Decorations] CAPPING events from decorations provider vscode.git 387
2023-09-15 09:34:17.111 [warning] [Decorations] CAPPING events from decorations provider vscode.git 388
2023-09-15 09:34:22.163 [warning] [Decorations] CAPPING events from decorations provider vscode.git 387
2023-09-15 09:34:27.272 [warning] [Decorations] CAPPING events from decorations provider vscode.git 388
2023-09-15 09:34:32.327 [warning] [Decorations] CAPPING events from decorations provider vscode.git 388
2023-09-15 09:34:40.322 [warning] [Decorations] CAPPING events from decorations provider vscode.git 389
2023-09-15 09:34:45.392 [warning] [Decorations] CAPPING events from decorations provider vscode.git 388
2023-09-15 09:34:50.523 [warning] [Decorations] CAPPING events from decorations provider vscode.git 389
2023-09-15 09:34:55.584 [warning] [Decorations] CAPPING events from decorations provider vscode.git 389
2023-09-15 09:35:00.630 [warning] [Decorations] CAPPING events from decorations provider vscode.git 389
2023-09-15 09:35:05.670 [warning] [Decorations] CAPPING events from decorations provider vscode.git 389
2023-09-15 09:35:10.821 [warning] [Decorations] CAPPING events from decorations provider vscode.git 390
2023-09-15 09:35:19.028 [warning] [Decorations] CAPPING events from decorations provider vscode.git 391
2023-09-15 09:35:24.086 [warning] [Decorations] CAPPING events from decorations provider vscode.git 390
2023-09-15 09:35:29.170 [warning] [Decorations] CAPPING events from decorations provider vscode.git 390
2023-09-15 09:35:41.463 [warning] [Decorations] CAPPING events from decorations provider vscode.git 391
2023-09-15 09:35:46.505 [warning] [Decorations] CAPPING events from decorations provider vscode.git 392
2023-09-15 09:35:51.570 [warning] [Decorations] CAPPING events from decorations provider vscode.git 392
2023-09-15 09:35:56.610 [warning] [Decorations] CAPPING events from decorations provider vscode.git 392
2023-09-15 09:36:10.319 [warning] [Decorations] CAPPING events from decorations provider vscode.git 393
2023-09-15 09:36:15.474 [warning] [Decorations] CAPPING events from decorations provider vscode.git 393
2023-09-15 09:40:35.220 [warning] [Decorations] CAPPING events from decorations provider vscode.git 394
2023-09-15 09:40:40.276 [warning] [Decorations] CAPPING events from decorations provider vscode.git 394
2023-09-15 09:40:45.375 [warning] [Decorations] CAPPING events from decorations provider vscode.git 394
2023-09-15 09:40:50.461 [warning] [Decorations] CAPPING events from decorations provider vscode.git 394
2023-09-15 09:40:55.522 [warning] [Decorations] CAPPING events from decorations provider vscode.git 394
2023-09-15 09:41:00.561 [warning] [Decorations] CAPPING events from decorations provider vscode.git 394
2023-09-15 09:41:05.613 [warning] [Decorations] CAPPING events from decorations provider vscode.git 394
2023-09-15 09:41:10.660 [warning] [Decorations] CAPPING events from decorations provider vscode.git 394
2023-09-15 09:41:15.777 [warning] [Decorations] CAPPING events from decorations provider vscode.git 395
2023-09-15 09:41:24.903 [warning] [Decorations] CAPPING events from decorations provider vscode.git 394
2023-09-15 09:41:29.962 [warning] [Decorations] CAPPING events from decorations provider vscode.git 395
2023-09-15 09:41:35.007 [warning] [Decorations] CAPPING events from decorations provider vscode.git 395
2023-09-15 09:41:40.050 [warning] [Decorations] CAPPING events from decorations provider vscode.git 395
2023-09-15 09:41:45.127 [warning] [Decorations] CAPPING events from decorations provider vscode.git 395
2023-09-15 10:22:04.276 [warning] [Decorations] CAPPING events from decorations provider vscode.git 396
2023-09-15 10:22:09.365 [warning] [Decorations] CAPPING events from decorations provider vscode.git 395
2023-09-15 10:22:14.426 [warning] [Decorations] CAPPING events from decorations provider vscode.git 395
2023-09-15 10:22:19.552 [warning] [Decorations] CAPPING events from decorations provider vscode.git 395
2023-09-15 10:22:24.639 [warning] [Decorations] CAPPING events from decorations provider vscode.git 395
2023-09-15 10:22:29.755 [warning] [Decorations] CAPPING events from decorations provider vscode.git 395
2023-09-15 10:22:35.207 [warning] [Decorations] CAPPING events from decorations provider vscode.git 395
2023-09-15 10:22:35.507 [info] ExtensionService#_doActivateExtension vscode.media-preview, startup: false, activationEvent: 'onCustomEditor:imagePreview.previewEditor'
2023-09-15 10:22:40.285 [warning] [Decorations] CAPPING events from decorations provider vscode.git 405
2023-09-15 10:22:45.506 [warning] [Decorations] CAPPING events from decorations provider vscode.git 408
2023-09-15 10:22:50.572 [warning] [Decorations] CAPPING events from decorations provider vscode.git 408
2023-09-15 10:22:55.638 [warning] [Decorations] CAPPING events from decorations provider vscode.git 409
2023-09-15 10:23:00.707 [warning] [Decorations] CAPPING events from decorations provider vscode.git 409
2023-09-15 10:23:05.762 [warning] [Decorations] CAPPING events from decorations provider vscode.git 409
2023-09-15 10:23:10.838 [warning] [Decorations] CAPPING events from decorations provider vscode.git 409
2023-09-15 10:23:15.896 [warning] [Decorations] CAPPING events from decorations provider vscode.git 409
2023-09-15 10:23:20.966 [warning] [Decorations] CAPPING events from decorations provider vscode.git 409
2023-09-15 10:23:26.019 [warning] [Decorations] CAPPING events from decorations provider vscode.git 409
2023-09-15 10:23:31.078 [warning] [Decorations] CAPPING events from decorations provider vscode.git 409
2023-09-15 10:23:36.130 [warning] [Decorations] CAPPING events from decorations provider vscode.git 409
2023-09-15 10:23:41.195 [warning] [Decorations] CAPPING events from decorations provider vscode.git 409
2023-09-15 10:23:46.273 [warning] [Decorations] CAPPING events from decorations provider vscode.git 409
2023-09-15 10:23:51.337 [warning] [Decorations] CAPPING events from decorations provider vscode.git 409
2023-09-15 10:23:56.412 [warning] [Decorations] CAPPING events from decorations provider vscode.git 409
2023-09-15 10:24:01.486 [warning] [Decorations] CAPPING events from decorations provider vscode.git 409
2023-09-15 10:24:06.539 [warning] [Decorations] CAPPING events from decorations provider vscode.git 409
2023-09-15 10:24:11.600 [warning] [Decorations] CAPPING events from decorations provider vscode.git 409
2023-09-15 10:24:16.658 [warning] [Decorations] CAPPING events from decorations provider vscode.git 409
2023-09-15 10:24:21.713 [warning] [Decorations] CAPPING events from decorations provider vscode.git 409
2023-09-15 10:24:26.764 [warning] [Decorations] CAPPING events from decorations provider vscode.git 409
2023-09-15 10:24:31.846 [warning] [Decorations] CAPPING events from decorations provider vscode.git 409
2023-09-15 10:24:36.910 [warning] [Decorations] CAPPING events from decorations provider vscode.git 409
2023-09-15 10:24:41.978 [warning] [Decorations] CAPPING events from decorations provider vscode.git 409
2023-09-15 10:24:47.044 [warning] [Decorations] CAPPING events from decorations provider vscode.git 409
2023-09-15 10:24:52.097 [warning] [Decorations] CAPPING events from decorations provider vscode.git 409
2023-09-15 10:24:57.147 [warning] [Decorations] CAPPING events from decorations provider vscode.git 409
2023-09-15 10:25:02.221 [warning] [Decorations] CAPPING events from decorations provider vscode.git 409
2023-09-15 10:25:07.292 [warning] [Decorations] CAPPING events from decorations provider vscode.git 409
2023-09-15 10:25:12.378 [warning] [Decorations] CAPPING events from decorations provider vscode.git 409
2023-09-15 10:25:17.447 [warning] [Decorations] CAPPING events from decorations provider vscode.git 409
2023-09-15 10:25:22.511 [warning] [Decorations] CAPPING events from decorations provider vscode.git 409
2023-09-15 10:25:27.582 [warning] [Decorations] CAPPING events from decorations provider vscode.git 409
2023-09-15 10:25:32.641 [warning] [Decorations] CAPPING events from decorations provider vscode.git 409
2023-09-15 10:25:37.706 [warning] [Decorations] CAPPING events from decorations provider vscode.git 409
2023-09-15 10:25:42.767 [warning] [Decorations] CAPPING events from decorations provider vscode.git 409
2023-09-15 10:25:47.854 [warning] [Decorations] CAPPING events from decorations provider vscode.git 409
2023-09-15 10:25:52.913 [warning] [Decorations] CAPPING events from decorations provider vscode.git 409
2023-09-15 10:25:57.965 [warning] [Decorations] CAPPING events from decorations provider vscode.git 409
2023-09-15 10:26:03.026 [warning] [Decorations] CAPPING events from decorations provider vscode.git 409
2023-09-15 10:26:08.083 [warning] [Decorations] CAPPING events from decorations provider vscode.git 409
2023-09-15 10:26:13.156 [warning] [Decorations] CAPPING events from decorations provider vscode.git 409
2023-09-15 10:26:18.206 [warning] [Decorations] CAPPING events from decorations provider vscode.git 409
2023-09-15 10:26:23.256 [warning] [Decorations] CAPPING events from decorations provider vscode.git 409
2023-09-15 10:26:28.331 [warning] [Decorations] CAPPING events from decorations provider vscode.git 409
2023-09-15 10:26:33.391 [warning] [Decorations] CAPPING events from decorations provider vscode.git 409
2023-09-15 10:26:38.465 [warning] [Decorations] CAPPING events from decorations provider vscode.git 409
2023-09-15 10:26:43.563 [warning] [Decorations] CAPPING events from decorations provider vscode.git 409
2023-09-15 10:26:48.651 [warning] [Decorations] CAPPING events from decorations provider vscode.git 409
2023-09-15 10:26:53.751 [warning] [Decorations] CAPPING events from decorations provider vscode.git 409
2023-09-15 10:26:58.827 [warning] [Decorations] CAPPING events from decorations provider vscode.git 409
2023-09-15 10:27:03.893 [warning] [Decorations] CAPPING events from decorations provider vscode.git 409
2023-09-15 10:27:09.018 [warning] [Decorations] CAPPING events from decorations provider vscode.git 409
2023-09-15 10:27:14.079 [warning] [Decorations] CAPPING events from decorations provider vscode.git 409
2023-09-15 10:27:19.132 [warning] [Decorations] CAPPING events from decorations provider vscode.git 409
2023-09-15 10:27:24.330 [warning] [Decorations] CAPPING events from decorations provider vscode.git 409
2023-09-15 10:27:29.407 [warning] [Decorations] CAPPING events from decorations provider vscode.git 409
2023-09-15 10:27:34.464 [warning] [Decorations] CAPPING events from decorations provider vscode.git 409
2023-09-15 10:27:39.510 [warning] [Decorations] CAPPING events from decorations provider vscode.git 409
2023-09-15 10:27:44.563 [warning] [Decorations] CAPPING events from decorations provider vscode.git 409
2023-09-15 10:27:49.620 [warning] [Decorations] CAPPING events from decorations provider vscode.git 409
2023-09-15 10:27:54.680 [warning] [Decorations] CAPPING events from decorations provider vscode.git 409
2023-09-15 10:27:59.766 [warning] [Decorations] CAPPING events from decorations provider vscode.git 409
2023-09-15 10:28:04.850 [warning] [Decorations] CAPPING events from decorations provider vscode.git 409
2023-09-15 10:28:09.902 [warning] [Decorations] CAPPING events from decorations provider vscode.git 409
2023-09-15 10:28:14.951 [warning] [Decorations] CAPPING events from decorations provider vscode.git 409
2023-09-15 10:28:20.007 [warning] [Decorations] CAPPING events from decorations provider vscode.git 409
2023-09-15 10:28:25.151 [warning] [Decorations] CAPPING events from decorations provider vscode.git 409
2023-09-15 10:28:30.235 [warning] [Decorations] CAPPING events from decorations provider vscode.git 409
2023-09-15 10:28:35.329 [warning] [Decorations] CAPPING events from decorations provider vscode.git 409
2023-09-15 10:28:40.391 [warning] [Decorations] CAPPING events from decorations provider vscode.git 409
2023-09-15 10:28:45.448 [warning] [Decorations] CAPPING events from decorations provider vscode.git 409
2023-09-15 10:28:50.524 [warning] [Decorations] CAPPING events from decorations provider vscode.git 409
2023-09-15 10:28:55.571 [warning] [Decorations] CAPPING events from decorations provider vscode.git 409
2023-09-15 10:29:00.614 [warning] [Decorations] CAPPING events from decorations provider vscode.git 409
2023-09-15 10:29:05.657 [warning] [Decorations] CAPPING events from decorations provider vscode.git 409
2023-09-15 10:29:10.758 [warning] [Decorations] CAPPING events from decorations provider vscode.git 409
2023-09-15 10:29:15.810 [warning] [Decorations] CAPPING events from decorations provider vscode.git 409
2023-09-15 10:29:20.909 [warning] [Decorations] CAPPING events from decorations provider vscode.git 409
2023-09-15 10:29:25.950 [warning] [Decorations] CAPPING events from decorations provider vscode.git 410
2023-09-15 10:29:31.007 [warning] [Decorations] CAPPING events from decorations provider vscode.git 409
2023-09-15 10:29:36.073 [warning] [Decorations] CAPPING events from decorations provider vscode.git 410
2023-09-15 10:29:41.127 [warning] [Decorations] CAPPING events from decorations provider vscode.git 410
2023-09-15 10:29:46.189 [warning] [Decorations] CAPPING events from decorations provider vscode.git 410
2023-09-15 10:29:51.366 [warning] [Decorations] CAPPING events from decorations provider vscode.git 411
2023-09-15 10:31:22.813 [warning] [Decorations] CAPPING events from decorations provider vscode.git 411
2023-09-15 10:31:27.858 [warning] [Decorations] CAPPING events from decorations provider vscode.git 411
2023-09-15 10:31:32.920 [warning] [Decorations] CAPPING events from decorations provider vscode.git 411
2023-09-15 10:31:37.966 [warning] [Decorations] CAPPING events from decorations provider vscode.git 411
2023-09-15 10:31:43.021 [warning] [Decorations] CAPPING events from decorations provider vscode.git 411
2023-09-15 10:31:48.105 [warning] [Decorations] CAPPING events from decorations provider vscode.git 411
2023-09-15 10:31:53.170 [warning] [Decorations] CAPPING events from decorations provider vscode.git 411
2023-09-15 10:31:58.228 [warning] [Decorations] CAPPING events from decorations provider vscode.git 411
2023-09-15 10:32:03.276 [warning] [Decorations] CAPPING events from decorations provider vscode.git 411
2023-09-15 10:32:08.497 [warning] [Decorations] CAPPING events from decorations provider vscode.git 412
2023-09-15 10:32:13.551 [warning] [Decorations] CAPPING events from decorations provider vscode.git 413
2023-09-15 10:32:18.660 [warning] [Decorations] CAPPING events from decorations provider vscode.git 412
2023-09-15 10:32:23.711 [warning] [Decorations] CAPPING events from decorations provider vscode.git 413
2023-09-15 10:32:28.775 [warning] [Decorations] CAPPING events from decorations provider vscode.git 413
2023-09-15 10:32:33.947 [warning] [Decorations] CAPPING events from decorations provider vscode.git 413
2023-09-15 10:32:39.027 [warning] [Decorations] CAPPING events from decorations provider vscode.git 414
2023-09-15 10:32:44.077 [warning] [Decorations] CAPPING events from decorations provider vscode.git 414
2023-09-15 10:32:49.240 [warning] [Decorations] CAPPING events from decorations provider vscode.git 414
2023-09-15 10:32:54.323 [warning] [Decorations] CAPPING events from decorations provider vscode.git 414
2023-09-15 10:32:59.387 [warning] [Decorations] CAPPING events from decorations provider vscode.git 414
2023-09-15 10:33:04.496 [warning] [Decorations] CAPPING events from decorations provider vscode.git 415
2023-09-15 10:33:09.579 [warning] [Decorations] CAPPING events from decorations provider vscode.git 414
2023-09-15 10:33:14.651 [warning] [Decorations] CAPPING events from decorations provider vscode.git 414
2023-09-15 10:33:19.712 [warning] [Decorations] CAPPING events from decorations provider vscode.git 414
2023-09-15 10:33:24.759 [warning] [Decorations] CAPPING events from decorations provider vscode.git 414
2023-09-15 10:33:29.818 [warning] [Decorations] CAPPING events from decorations provider vscode.git 414
2023-09-15 10:33:34.882 [warning] [Decorations] CAPPING events from decorations provider vscode.git 414
2023-09-15 10:33:39.939 [warning] [Decorations] CAPPING events from decorations provider vscode.git 414
2023-09-15 10:33:44.986 [warning] [Decorations] CAPPING events from decorations provider vscode.git 414
2023-09-15 10:33:50.044 [warning] [Decorations] CAPPING events from decorations provider vscode.git 414
2023-09-15 10:33:55.091 [warning] [Decorations] CAPPING events from decorations provider vscode.git 414
2023-09-15 10:34:00.141 [warning] [Decorations] CAPPING events from decorations provider vscode.git 414
2023-09-15 10:34:05.183 [warning] [Decorations] CAPPING events from decorations provider vscode.git 414
2023-09-15 10:34:10.227 [warning] [Decorations] CAPPING events from decorations provider vscode.git 414
2023-09-15 10:34:15.266 [warning] [Decorations] CAPPING events from decorations provider vscode.git 414
2023-09-15 10:34:20.312 [warning] [Decorations] CAPPING events from decorations provider vscode.git 414
2023-09-15 10:34:25.347 [warning] [Decorations] CAPPING events from decorations provider vscode.git 414
2023-09-15 10:34:30.384 [warning] [Decorations] CAPPING events from decorations provider vscode.git 414
2023-09-15 10:34:35.422 [warning] [Decorations] CAPPING events from decorations provider vscode.git 414
2023-09-15 10:34:40.458 [warning] [Decorations] CAPPING events from decorations provider vscode.git 414
2023-09-15 10:34:45.497 [warning] [Decorations] CAPPING events from decorations provider vscode.git 414
2023-09-15 10:34:50.537 [warning] [Decorations] CAPPING events from decorations provider vscode.git 414
2023-09-15 10:34:55.582 [warning] [Decorations] CAPPING events from decorations provider vscode.git 414
2023-09-15 10:35:00.626 [warning] [Decorations] CAPPING events from decorations provider vscode.git 414
2023-09-15 10:35:05.660 [warning] [Decorations] CAPPING events from decorations provider vscode.git 414
2023-09-15 10:35:10.712 [warning] [Decorations] CAPPING events from decorations provider vscode.git 414
2023-09-15 10:35:15.758 [warning] [Decorations] CAPPING events from decorations provider vscode.git 414
2023-09-15 10:35:20.797 [warning] [Decorations] CAPPING events from decorations provider vscode.git 414
2023-09-15 10:35:25.840 [warning] [Decorations] CAPPING events from decorations provider vscode.git 414
2023-09-15 10:35:30.919 [warning] [Decorations] CAPPING events from decorations provider vscode.git 414
2023-09-15 10:35:35.964 [warning] [Decorations] CAPPING events from decorations provider vscode.git 414
2023-09-15 10:35:41.005 [warning] [Decorations] CAPPING events from decorations provider vscode.git 414
2023-09-15 10:35:46.038 [warning] [Decorations] CAPPING events from decorations provider vscode.git 414
2023-09-15 10:35:51.073 [warning] [Decorations] CAPPING events from decorations provider vscode.git 414
2023-09-15 10:35:56.109 [warning] [Decorations] CAPPING events from decorations provider vscode.git 415
2023-09-15 10:36:01.148 [warning] [Decorations] CAPPING events from decorations provider vscode.git 415
2023-09-15 10:36:06.183 [warning] [Decorations] CAPPING events from decorations provider vscode.git 415
2023-09-15 10:36:11.240 [warning] [Decorations] CAPPING events from decorations provider vscode.git 415
2023-09-15 10:36:16.329 [warning] [Decorations] CAPPING events from decorations provider vscode.git 415
2023-09-15 10:36:21.370 [warning] [Decorations] CAPPING events from decorations provider vscode.git 415
2023-09-15 10:36:26.404 [warning] [Decorations] CAPPING events from decorations provider vscode.git 415
2023-09-15 10:36:31.491 [warning] [Decorations] CAPPING events from decorations provider vscode.git 415
2023-09-15 10:36:36.535 [warning] [Decorations] CAPPING events from decorations provider vscode.git 415
2023-09-15 10:36:41.576 [warning] [Decorations] CAPPING events from decorations provider vscode.git 416
2023-09-15 10:36:46.626 [warning] [Decorations] CAPPING events from decorations provider vscode.git 415
2023-09-15 10:36:51.669 [warning] [Decorations] CAPPING events from decorations provider vscode.git 415
2023-09-15 10:36:56.738 [warning] [Decorations] CAPPING events from decorations provider vscode.git 415
2023-09-15 10:37:01.784 [warning] [Decorations] CAPPING events from decorations provider vscode.git 415
2023-09-15 10:37:06.825 [warning] [Decorations] CAPPING events from decorations provider vscode.git 415
2023-09-15 10:37:11.861 [warning] [Decorations] CAPPING events from decorations provider vscode.git 415
2023-09-15 10:37:16.928 [warning] [Decorations] CAPPING events from decorations provider vscode.git 415
2023-09-15 10:37:22.010 [warning] [Decorations] CAPPING events from decorations provider vscode.git 416
2023-09-15 10:37:34.105 [warning] [Decorations] CAPPING events from decorations provider vscode.git 416
2023-09-15 10:37:39.196 [warning] [Decorations] CAPPING events from decorations provider vscode.git 416
2023-09-15 10:37:44.350 [warning] [Decorations] CAPPING events from decorations provider vscode.git 416
2023-09-15 10:37:49.431 [warning] [Decorations] CAPPING events from decorations provider vscode.git 417
2023-09-15 10:37:54.485 [warning] [Decorations] CAPPING events from decorations provider vscode.git 418
2023-09-15 10:37:59.527 [warning] [Decorations] CAPPING events from decorations provider vscode.git 417
2023-09-15 10:38:04.568 [warning] [Decorations] CAPPING events from decorations provider vscode.git 417
2023-09-15 10:38:09.677 [warning] [Decorations] CAPPING events from decorations provider vscode.git 417
2023-09-15 10:38:14.771 [warning] [Decorations] CAPPING events from decorations provider vscode.git 418
2023-09-15 10:38:21.794 [warning] [Decorations] CAPPING events from decorations provider vscode.git 419
2023-09-15 10:38:26.829 [warning] [Decorations] CAPPING events from decorations provider vscode.git 418
2023-09-15 10:38:40.428 [warning] [Decorations] CAPPING events from decorations provider vscode.git 419
2023-09-15 10:38:45.483 [warning] [Decorations] CAPPING events from decorations provider vscode.git 419
2023-09-15 10:38:50.524 [warning] [Decorations] CAPPING events from decorations provider vscode.git 419
2023-09-15 10:38:55.556 [warning] [Decorations] CAPPING events from decorations provider vscode.git 420
2023-09-15 10:39:00.801 [warning] [Decorations] CAPPING events from decorations provider vscode.git 420
2023-09-15 10:39:05.840 [warning] [Decorations] CAPPING events from decorations provider vscode.git 420
2023-09-15 10:39:10.879 [warning] [Decorations] CAPPING events from decorations provider vscode.git 421
2023-09-15 10:39:57.892 [warning] [Decorations] CAPPING events from decorations provider vscode.git 422
2023-09-15 10:40:02.997 [warning] [Decorations] CAPPING events from decorations provider vscode.git 421
2023-09-15 10:40:08.030 [warning] [Decorations] CAPPING events from decorations provider vscode.git 422
2023-09-15 10:40:13.073 [warning] [Decorations] CAPPING events from decorations provider vscode.git 422
2023-09-15 10:40:18.126 [warning] [Decorations] CAPPING events from decorations provider vscode.git 422
2023-09-15 10:40:23.163 [warning] [Decorations] CAPPING events from decorations provider vscode.git 422
2023-09-15 10:40:28.203 [warning] [Decorations] CAPPING events from decorations provider vscode.git 422
2023-09-15 10:40:33.248 [warning] [Decorations] CAPPING events from decorations provider vscode.git 422
2023-09-15 10:40:38.283 [warning] [Decorations] CAPPING events from decorations provider vscode.git 422
2023-09-15 10:40:43.327 [warning] [Decorations] CAPPING events from decorations provider vscode.git 422
2023-09-15 10:40:48.365 [warning] [Decorations] CAPPING events from decorations provider vscode.git 422
2023-09-15 10:40:53.408 [warning] [Decorations] CAPPING events from decorations provider vscode.git 422
2023-09-15 10:40:58.463 [warning] [Decorations] CAPPING events from decorations provider vscode.git 422
2023-09-15 10:41:03.509 [warning] [Decorations] CAPPING events from decorations provider vscode.git 422
2023-09-15 10:41:08.575 [warning] [Decorations] CAPPING events from decorations provider vscode.git 422
2023-09-15 10:41:13.679 [warning] [Decorations] CAPPING events from decorations provider vscode.git 422
2023-09-15 10:43:12.755 [warning] [Decorations] CAPPING events from decorations provider vscode.git 423
2023-09-15 10:43:17.814 [warning] [Decorations] CAPPING events from decorations provider vscode.git 422
2023-09-15 10:43:22.907 [warning] [Decorations] CAPPING events from decorations provider vscode.git 422
2023-09-15 10:43:27.976 [warning] [Decorations] CAPPING events from decorations provider vscode.git 423
2023-09-15 10:43:33.054 [warning] [Decorations] CAPPING events from decorations provider vscode.git 424
2023-09-15 10:43:38.100 [warning] [Decorations] CAPPING events from decorations provider vscode.git 423
2023-09-15 10:50:23.179 [warning] [Decorations] CAPPING events from decorations provider vscode.git 423
2023-09-15 10:50:28.216 [warning] [Decorations] CAPPING events from decorations provider vscode.git 423
2023-09-15 10:50:33.257 [warning] [Decorations] CAPPING events from decorations provider vscode.git 423
2023-09-15 10:50:38.310 [warning] [Decorations] CAPPING events from decorations provider vscode.git 424
2023-09-15 10:50:43.368 [warning] [Decorations] CAPPING events from decorations provider vscode.git 424
2023-09-15 10:50:48.426 [warning] [Decorations] CAPPING events from decorations provider vscode.git 424
2023-09-15 10:50:53.520 [warning] [Decorations] CAPPING events from decorations provider vscode.git 424
2023-09-15 10:50:58.576 [warning] [Decorations] CAPPING events from decorations provider vscode.git 424
2023-09-15 10:51:03.628 [warning] [Decorations] CAPPING events from decorations provider vscode.git 424
2023-09-15 10:51:08.686 [warning] [Decorations] CAPPING events from decorations provider vscode.git 424
2023-09-15 10:51:13.744 [warning] [Decorations] CAPPING events from decorations provider vscode.git 424
2023-09-15 10:51:18.782 [warning] [Decorations] CAPPING events from decorations provider vscode.git 424
2023-09-15 10:51:23.847 [warning] [Decorations] CAPPING events from decorations provider vscode.git 424
2023-09-15 10:51:28.906 [warning] [Decorations] CAPPING events from decorations provider vscode.git 424
2023-09-15 10:51:33.948 [warning] [Decorations] CAPPING events from decorations provider vscode.git 424
2023-09-15 10:51:39.023 [warning] [Decorations] CAPPING events from decorations provider vscode.git 424
2023-09-15 10:51:44.128 [warning] [Decorations] CAPPING events from decorations provider vscode.git 424
2023-09-15 10:51:49.180 [warning] [Decorations] CAPPING events from decorations provider vscode.git 424
2023-09-15 10:51:54.257 [warning] [Decorations] CAPPING events from decorations provider vscode.git 424
2023-09-15 10:51:59.318 [warning] [Decorations] CAPPING events from decorations provider vscode.git 424
2023-09-15 10:52:04.382 [warning] [Decorations] CAPPING events from decorations provider vscode.git 424
2023-09-15 10:52:09.469 [warning] [Decorations] CAPPING events from decorations provider vscode.git 424
2023-09-15 10:52:14.522 [warning] [Decorations] CAPPING events from decorations provider vscode.git 424
2023-09-15 10:52:19.567 [warning] [Decorations] CAPPING events from decorations provider vscode.git 424
2023-09-15 10:52:24.711 [warning] [Decorations] CAPPING events from decorations provider vscode.git 424
2023-09-15 10:52:29.821 [warning] [Decorations] CAPPING events from decorations provider vscode.git 425
2023-09-15 10:52:34.906 [warning] [Decorations] CAPPING events from decorations provider vscode.git 424
2023-09-15 10:52:40.119 [warning] [Decorations] CAPPING events from decorations provider vscode.git 425
2023-09-15 10:52:45.199 [warning] [Decorations] CAPPING events from decorations provider vscode.git 425
2023-09-15 10:52:50.295 [warning] [Decorations] CAPPING events from decorations provider vscode.git 425
2023-09-15 10:52:55.417 [warning] [Decorations] CAPPING events from decorations provider vscode.git 425
2023-09-15 10:53:00.508 [warning] [Decorations] CAPPING events from decorations provider vscode.git 425
2023-09-15 10:53:05.659 [warning] [Decorations] CAPPING events from decorations provider vscode.git 425
2023-09-15 10:53:10.815 [warning] [Decorations] CAPPING events from decorations provider vscode.git 425
2023-09-15 10:53:15.927 [warning] [Decorations] CAPPING events from decorations provider vscode.git 425
2023-09-15 10:53:21.076 [warning] [Decorations] CAPPING events from decorations provider vscode.git 425
2023-09-15 10:53:26.211 [warning] [Decorations] CAPPING events from decorations provider vscode.git 425
2023-09-15 10:53:31.321 [warning] [Decorations] CAPPING events from decorations provider vscode.git 425
2023-09-15 10:53:36.442 [warning] [Decorations] CAPPING events from decorations provider vscode.git 425
2023-09-15 10:53:41.623 [warning] [Decorations] CAPPING events from decorations provider vscode.git 425
2023-09-15 10:53:46.814 [warning] [Decorations] CAPPING events from decorations provider vscode.git 425
2023-09-15 10:53:51.968 [warning] [Decorations] CAPPING events from decorations provider vscode.git 425
2023-09-15 10:53:57.181 [warning] [Decorations] CAPPING events from decorations provider vscode.git 425
2023-09-15 10:54:02.295 [warning] [Decorations] CAPPING events from decorations provider vscode.git 425
2023-09-15 10:54:07.473 [warning] [Decorations] CAPPING events from decorations provider vscode.git 425
2023-09-15 10:54:12.563 [warning] [Decorations] CAPPING events from decorations provider vscode.git 425
2023-09-15 10:54:17.686 [warning] [Decorations] CAPPING events from decorations provider vscode.git 425
2023-09-15 10:54:22.884 [warning] [Decorations] CAPPING events from decorations provider vscode.git 425
2023-09-15 10:54:28.030 [warning] [Decorations] CAPPING events from decorations provider vscode.git 425
2023-09-15 10:54:33.164 [warning] [Decorations] CAPPING events from decorations provider vscode.git 425
2023-09-15 10:54:38.262 [warning] [Decorations] CAPPING events from decorations provider vscode.git 426
2023-09-15 10:54:43.387 [warning] [Decorations] CAPPING events from decorations provider vscode.git 426
2023-09-15 10:54:48.524 [warning] [Decorations] CAPPING events from decorations provider vscode.git 426
2023-09-15 10:54:53.611 [warning] [Decorations] CAPPING events from decorations provider vscode.git 426
2023-09-15 10:54:58.757 [warning] [Decorations] CAPPING events from decorations provider vscode.git 426
2023-09-15 10:55:03.864 [warning] [Decorations] CAPPING events from decorations provider vscode.git 426
2023-09-15 10:55:08.953 [warning] [Decorations] CAPPING events from decorations provider vscode.git 426
2023-09-15 10:55:14.084 [warning] [Decorations] CAPPING events from decorations provider vscode.git 426
2023-09-15 10:55:19.223 [warning] [Decorations] CAPPING events from decorations provider vscode.git 426
2023-09-15 10:55:24.358 [warning] [Decorations] CAPPING events from decorations provider vscode.git 426
2023-09-15 10:55:29.662 [warning] [Decorations] CAPPING events from decorations provider vscode.git 426
2023-09-15 10:55:34.799 [warning] [Decorations] CAPPING events from decorations provider vscode.git 426
2023-09-15 10:55:40.092 [warning] [Decorations] CAPPING events from decorations provider vscode.git 426
2023-09-15 10:55:45.216 [warning] [Decorations] CAPPING events from decorations provider vscode.git 426
2023-09-15 10:55:50.390 [warning] [Decorations] CAPPING events from decorations provider vscode.git 426
2023-09-15 10:55:55.699 [warning] [Decorations] CAPPING events from decorations provider vscode.git 427
2023-09-15 10:56:00.797 [warning] [Decorations] CAPPING events from decorations provider vscode.git 426
2023-09-15 10:56:05.904 [warning] [Decorations] CAPPING events from decorations provider vscode.git 426
2023-09-15 10:56:10.991 [warning] [Decorations] CAPPING events from decorations provider vscode.git 426
2023-09-15 10:56:16.224 [warning] [Decorations] CAPPING events from decorations provider vscode.git 426
2023-09-15 10:56:21.321 [warning] [Decorations] CAPPING events from decorations provider vscode.git 426
2023-09-15 10:56:27.237 [warning] [Decorations] CAPPING events from decorations provider vscode.git 426
2023-09-15 10:56:32.881 [warning] [Decorations] CAPPING events from decorations provider vscode.git 426
2023-09-15 10:56:38.578 [warning] [Decorations] CAPPING events from decorations provider vscode.git 426
2023-09-15 10:56:43.712 [warning] [Decorations] CAPPING events from decorations provider vscode.git 426
2023-09-15 10:56:48.951 [warning] [Decorations] CAPPING events from decorations provider vscode.git 426
2023-09-15 10:56:54.042 [warning] [Decorations] CAPPING events from decorations provider vscode.git 426
2023-09-15 10:56:59.145 [warning] [Decorations] CAPPING events from decorations provider vscode.git 426
2023-09-15 10:57:12.541 [warning] [Decorations] CAPPING events from decorations provider vscode.git 426
2023-09-15 10:57:18.104 [warning] [Decorations] CAPPING events from decorations provider vscode.git 426
2023-09-15 10:57:23.332 [warning] [Decorations] CAPPING events from decorations provider vscode.git 426
2023-09-15 10:57:29.235 [warning] [Decorations] CAPPING events from decorations provider vscode.git 426
2023-09-15 10:57:34.901 [warning] [Decorations] CAPPING events from decorations provider vscode.git 426
2023-09-15 10:57:40.049 [warning] [Decorations] CAPPING events from decorations provider vscode.git 426
2023-09-15 10:57:45.151 [warning] [Decorations] CAPPING events from decorations provider vscode.git 426
2023-09-15 10:57:50.437 [warning] [Decorations] CAPPING events from decorations provider vscode.git 426
2023-09-15 10:57:56.013 [warning] [Decorations] CAPPING events from decorations provider vscode.git 426
2023-09-15 10:58:01.922 [warning] [Decorations] CAPPING events from decorations provider vscode.git 426
2023-09-15 10:58:07.035 [warning] [Decorations] CAPPING events from decorations provider vscode.git 426
2023-09-15 10:58:13.520 [warning] [Decorations] CAPPING events from decorations provider vscode.git 427
2023-09-15 10:58:19.639 [warning] [Decorations] CAPPING events from decorations provider vscode.git 427
2023-09-15 10:58:25.054 [warning] [Decorations] CAPPING events from decorations provider vscode.git 427
2023-09-15 10:58:31.081 [warning] [Decorations] CAPPING events from decorations provider vscode.git 427
2023-09-15 10:58:47.000 [warning] [Decorations] CAPPING events from decorations provider vscode.git 428
2023-09-15 10:58:52.344 [warning] [Decorations] CAPPING events from decorations provider vscode.git 427
2023-09-15 10:58:58.044 [warning] [Decorations] CAPPING events from decorations provider vscode.git 427
2023-09-15 10:59:03.134 [warning] [Decorations] CAPPING events from decorations provider vscode.git 427
2023-09-15 10:59:08.233 [warning] [Decorations] CAPPING events from decorations provider vscode.git 427
2023-09-15 10:59:13.379 [warning] [Decorations] CAPPING events from decorations provider vscode.git 427
2023-09-15 10:59:18.483 [warning] [Decorations] CAPPING events from decorations provider vscode.git 427
2023-09-15 10:59:23.646 [warning] [Decorations] CAPPING events from decorations provider vscode.git 428
2023-09-15 10:59:28.801 [warning] [Decorations] CAPPING events from decorations provider vscode.git 429
2023-09-15 10:59:33.985 [warning] [Decorations] CAPPING events from decorations provider vscode.git 428
2023-09-15 10:59:39.099 [warning] [Decorations] CAPPING events from decorations provider vscode.git 428
2023-09-15 10:59:44.182 [warning] [Decorations] CAPPING events from decorations provider vscode.git 428
2023-09-15 10:59:50.205 [warning] [Decorations] CAPPING events from decorations provider vscode.git 428
2023-09-15 10:59:55.276 [warning] [Decorations] CAPPING events from decorations provider vscode.git 428
2023-09-15 11:00:03.302 [warning] [Decorations] CAPPING events from decorations provider vscode.git 428
2023-09-15 11:00:08.387 [warning] [Decorations] CAPPING events from decorations provider vscode.git 429
2023-09-15 11:00:15.511 [warning] [Decorations] CAPPING events from decorations provider vscode.git 440
2023-09-15 11:00:20.679 [warning] [Decorations] CAPPING events from decorations provider vscode.git 450
2023-09-15 11:00:25.909 [warning] [Decorations] CAPPING events from decorations provider vscode.git 449
2023-09-15 11:00:31.337 [warning] [Decorations] CAPPING events from decorations provider vscode.git 450
2023-09-15 11:00:53.382 [warning] [Decorations] CAPPING events from decorations provider vscode.git 449
2023-09-15 11:00:58.490 [warning] [Decorations] CAPPING events from decorations provider vscode.git 449
2023-09-15 11:01:03.581 [warning] [Decorations] CAPPING events from decorations provider vscode.git 450
2023-09-15 11:01:08.673 [warning] [Decorations] CAPPING events from decorations provider vscode.git 450
2023-09-15 11:01:13.716 [warning] [Decorations] CAPPING events from decorations provider vscode.git 450
2023-09-15 11:01:18.806 [warning] [Decorations] CAPPING events from decorations provider vscode.git 451
2023-09-15 11:01:32.738 [warning] [Decorations] CAPPING events from decorations provider vscode.git 451
2023-09-15 11:01:37.801 [warning] [Decorations] CAPPING events from decorations provider vscode.git 451
2023-09-15 11:01:49.395 [warning] [Decorations] CAPPING events from decorations provider vscode.git 451
2023-09-15 11:01:54.495 [warning] [Decorations] CAPPING events from decorations provider vscode.git 451
2023-09-15 11:01:59.610 [warning] [Decorations] CAPPING events from decorations provider vscode.git 452
2023-09-15 11:02:04.729 [warning] [Decorations] CAPPING events from decorations provider vscode.git 453
2023-09-15 11:02:10.301 [warning] [Decorations] CAPPING events from decorations provider vscode.git 452
2023-09-15 11:02:15.574 [warning] [Decorations] CAPPING events from decorations provider vscode.git 452
2023-09-15 11:02:21.775 [warning] [Decorations] CAPPING events from decorations provider vscode.git 452
2023-09-15 11:02:26.899 [warning] [Decorations] CAPPING events from decorations provider vscode.git 452
2023-09-15 11:02:32.021 [warning] [Decorations] CAPPING events from decorations provider vscode.git 452
2023-09-15 11:02:37.107 [warning] [Decorations] CAPPING events from decorations provider vscode.git 452
2023-09-15 11:03:01.153 [warning] [Decorations] CAPPING events from decorations provider vscode.git 452
2023-09-15 11:03:09.415 [warning] [Decorations] CAPPING events from decorations provider vscode.git 452
2023-09-15 11:03:14.482 [warning] [Decorations] CAPPING events from decorations provider vscode.git 452
2023-09-15 11:03:19.549 [warning] [Decorations] CAPPING events from decorations provider vscode.git 452
2023-09-15 11:03:24.635 [warning] [Decorations] CAPPING events from decorations provider vscode.git 452
2023-09-15 11:03:29.699 [warning] [Decorations] CAPPING events from decorations provider vscode.git 452
2023-09-15 11:03:35.273 [warning] [Decorations] CAPPING events from decorations provider vscode.git 452
2023-09-15 11:03:40.376 [warning] [Decorations] CAPPING events from decorations provider vscode.git 452
2023-09-15 11:03:45.437 [warning] [Decorations] CAPPING events from decorations provider vscode.git 452
2023-09-15 11:03:50.481 [warning] [Decorations] CAPPING events from decorations provider vscode.git 452
2023-09-15 11:03:55.524 [warning] [Decorations] CAPPING events from decorations provider vscode.git 452
2023-09-15 11:04:00.569 [warning] [Decorations] CAPPING events from decorations provider vscode.git 452
2023-09-15 11:04:05.611 [warning] [Decorations] CAPPING events from decorations provider vscode.git 452
2023-09-15 11:04:10.656 [warning] [Decorations] CAPPING events from decorations provider vscode.git 452
2023-09-15 11:04:15.696 [warning] [Decorations] CAPPING events from decorations provider vscode.git 452
2023-09-15 11:04:20.745 [warning] [Decorations] CAPPING events from decorations provider vscode.git 452
2023-09-15 11:04:25.787 [warning] [Decorations] CAPPING events from decorations provider vscode.git 452
2023-09-15 11:04:30.827 [warning] [Decorations] CAPPING events from decorations provider vscode.git 452
2023-09-15 11:04:35.870 [warning] [Decorations] CAPPING events from decorations provider vscode.git 452
2023-09-15 11:04:40.911 [warning] [Decorations] CAPPING events from decorations provider vscode.git 452
2023-09-15 11:04:45.951 [warning] [Decorations] CAPPING events from decorations provider vscode.git 452
2023-09-15 11:04:50.992 [warning] [Decorations] CAPPING events from decorations provider vscode.git 452
2023-09-15 11:04:56.032 [warning] [Decorations] CAPPING events from decorations provider vscode.git 452
2023-09-15 11:05:01.069 [warning] [Decorations] CAPPING events from decorations provider vscode.git 452
2023-09-15 11:05:06.112 [warning] [Decorations] CAPPING events from decorations provider vscode.git 452
2023-09-15 11:05:11.147 [warning] [Decorations] CAPPING events from decorations provider vscode.git 452
2023-09-15 11:05:16.185 [warning] [Decorations] CAPPING events from decorations provider vscode.git 452
2023-09-15 11:05:21.256 [warning] [Decorations] CAPPING events from decorations provider vscode.git 452
2023-09-15 11:05:26.299 [warning] [Decorations] CAPPING events from decorations provider vscode.git 452
2023-09-15 11:05:31.336 [warning] [Decorations] CAPPING events from decorations provider vscode.git 452
2023-09-15 11:05:36.450 [warning] [Decorations] CAPPING events from decorations provider vscode.git 452
2023-09-15 11:05:41.489 [warning] [Decorations] CAPPING events from decorations provider vscode.git 452
2023-09-15 11:05:46.523 [warning] [Decorations] CAPPING events from decorations provider vscode.git 452
2023-09-15 11:05:51.569 [warning] [Decorations] CAPPING events from decorations provider vscode.git 452
2023-09-15 11:05:56.613 [warning] [Decorations] CAPPING events from decorations provider vscode.git 452
2023-09-15 11:06:01.657 [warning] [Decorations] CAPPING events from decorations provider vscode.git 452
2023-09-15 11:06:06.700 [warning] [Decorations] CAPPING events from decorations provider vscode.git 452
2023-09-15 11:06:11.741 [warning] [Decorations] CAPPING events from decorations provider vscode.git 452
2023-09-15 11:06:16.790 [warning] [Decorations] CAPPING events from decorations provider vscode.git 452
2023-09-15 11:06:21.833 [warning] [Decorations] CAPPING events from decorations provider vscode.git 452
2023-09-15 11:06:26.879 [warning] [Decorations] CAPPING events from decorations provider vscode.git 452
2023-09-15 11:06:31.922 [warning] [Decorations] CAPPING events from decorations provider vscode.git 452
2023-09-15 11:06:36.957 [warning] [Decorations] CAPPING events from decorations provider vscode.git 452
2023-09-15 11:06:41.995 [warning] [Decorations] CAPPING events from decorations provider vscode.git 452
2023-09-15 11:06:47.038 [warning] [Decorations] CAPPING events from decorations provider vscode.git 452
2023-09-15 11:06:52.082 [warning] [Decorations] CAPPING events from decorations provider vscode.git 452
2023-09-15 11:06:57.122 [warning] [Decorations] CAPPING events from decorations provider vscode.git 452
2023-09-15 11:07:02.159 [warning] [Decorations] CAPPING events from decorations provider vscode.git 452
2023-09-15 11:07:07.199 [warning] [Decorations] CAPPING events from decorations provider vscode.git 452
2023-09-15 11:07:12.239 [warning] [Decorations] CAPPING events from decorations provider vscode.git 452
2023-09-15 11:07:17.285 [warning] [Decorations] CAPPING events from decorations provider vscode.git 452
2023-09-15 11:07:22.327 [warning] [Decorations] CAPPING events from decorations provider vscode.git 452
2023-09-15 11:07:27.364 [warning] [Decorations] CAPPING events from decorations provider vscode.git 452
2023-09-15 11:07:32.404 [warning] [Decorations] CAPPING events from decorations provider vscode.git 452
2023-09-15 11:07:37.442 [warning] [Decorations] CAPPING events from decorations provider vscode.git 452
2023-09-15 11:08:13.148 [warning] [Decorations] CAPPING events from decorations provider vscode.git 452
2023-09-15 11:08:16.819 [info] ExtensionService#_doActivateExtension vscode.css-language-features, startup: false, activationEvent: 'onLanguage:css'
2023-09-15 11:08:18.297 [warning] [Decorations] CAPPING events from decorations provider vscode.git 452
2023-09-15 11:08:23.449 [warning] [Decorations] CAPPING events from decorations provider vscode.git 452
2023-09-15 11:08:28.629 [warning] [Decorations] CAPPING events from decorations provider vscode.git 453
2023-09-15 11:08:33.760 [warning] [Decorations] CAPPING events from decorations provider vscode.git 453
2023-09-15 11:08:38.809 [warning] [Decorations] CAPPING events from decorations provider vscode.git 453
2023-09-15 11:08:43.950 [warning] [Decorations] CAPPING events from decorations provider vscode.git 453
2023-09-15 11:08:49.086 [warning] [Decorations] CAPPING events from decorations provider vscode.git 454
2023-09-15 11:08:54.163 [warning] [Decorations] CAPPING events from decorations provider vscode.git 453
2023-09-15 11:08:59.254 [warning] [Decorations] CAPPING events from decorations provider vscode.git 453
2023-09-15 11:09:04.654 [warning] [Decorations] CAPPING events from decorations provider vscode.git 453
2023-09-15 11:09:10.077 [warning] [Decorations] CAPPING events from decorations provider vscode.git 453
2023-09-15 11:14:06.685 [warning] [Decorations] CAPPING events from decorations provider vscode.git 454
2023-09-15 11:14:11.848 [warning] [Decorations] CAPPING events from decorations provider vscode.git 454
2023-09-15 11:14:17.517 [warning] [Decorations] CAPPING events from decorations provider vscode.git 455
2023-09-15 11:14:22.627 [warning] [Decorations] CAPPING events from decorations provider vscode.git 455
2023-09-15 11:14:27.715 [warning] [Decorations] CAPPING events from decorations provider vscode.git 455
2023-09-15 11:14:32.843 [warning] [Decorations] CAPPING events from decorations provider vscode.git 455
2023-09-15 11:14:37.909 [warning] [Decorations] CAPPING events from decorations provider vscode.git 455
2023-09-15 11:14:42.970 [warning] [Decorations] CAPPING events from decorations provider vscode.git 455
2023-09-15 11:14:48.062 [warning] [Decorations] CAPPING events from decorations provider vscode.git 455
2023-09-15 11:14:53.125 [warning] [Decorations] CAPPING events from decorations provider vscode.git 455
2023-09-15 11:14:58.230 [warning] [Decorations] CAPPING events from decorations provider vscode.git 455
2023-09-15 11:15:03.292 [warning] [Decorations] CAPPING events from decorations provider vscode.git 455
2023-09-15 11:15:08.363 [warning] [Decorations] CAPPING events from decorations provider vscode.git 455
2023-09-15 11:15:14.143 [warning] [Decorations] CAPPING events from decorations provider vscode.git 455
2023-09-15 11:15:19.287 [warning] [Decorations] CAPPING events from decorations provider vscode.git 455
2023-09-15 11:15:24.374 [warning] [Decorations] CAPPING events from decorations provider vscode.git 455
2023-09-15 11:15:29.530 [warning] [Decorations] CAPPING events from decorations provider vscode.git 455
2023-09-15 11:15:34.923 [warning] [Decorations] CAPPING events from decorations provider vscode.git 455
2023-09-15 11:15:40.219 [warning] [Decorations] CAPPING events from decorations provider vscode.git 456
2023-09-15 11:15:45.556 [warning] [Decorations] CAPPING events from decorations provider vscode.git 455
2023-09-15 11:15:50.691 [warning] [Decorations] CAPPING events from decorations provider vscode.git 455
2023-09-15 11:15:55.961 [warning] [Decorations] CAPPING events from decorations provider vscode.git 455
2023-09-15 11:16:01.248 [warning] [Decorations] CAPPING events from decorations provider vscode.git 456
2023-09-15 11:16:06.397 [warning] [Decorations] CAPPING events from decorations provider vscode.git 456
2023-09-15 11:16:11.654 [warning] [Decorations] CAPPING events from decorations provider vscode.git 456
2023-09-15 11:16:16.769 [warning] [Decorations] CAPPING events from decorations provider vscode.git 456
2023-09-15 11:16:21.837 [warning] [Decorations] CAPPING events from decorations provider vscode.git 456
