2023-09-15 11:25:18.952 [info] Extension host with pid 3571 started
2023-09-15 11:25:18.953 [info] Skipping acquiring lock for /home/user/webpages_tech/Lab-08/~/.vscode-root/User/workspaceStorage/af9bcdfe6bee274ab38cb3471161fb90.
2023-09-15 11:25:19.170 [info] ExtensionService#_doActivateExtension vscode.emmet, startup: false, activationEvent: 'onLanguage'
2023-09-15 11:25:19.217 [info] ExtensionService#_doActivateExtension vscode.typescript-language-features, startup: false, activationEvent: 'onLanguage:javascript'
2023-09-15 11:25:19.513 [info] ExtensionService#_doActivateExtension ms-edgedevtools.vscode-edge-devtools, startup: false, activationEvent: 'onLanguage:javascript'
2023-09-15 11:25:20.917 [info] ExtensionService#_doActivateExtension vscode.git-base, startup: true, activationEvent: '*', root cause: vscode.git
2023-09-15 11:25:22.189 [info] ExtensionService#_doActivateExtension vscode.git, startup: true, activationEvent: '*'
2023-09-15 11:25:22.264 [info] ExtensionService#_doActivateExtension vscode.github, startup: true, activationEvent: '*'
2023-09-15 11:25:23.124 [info] Eager extensions activated
2023-09-15 11:25:24.062 [warning] [Decorations] CAPPING events from decorations provider vscode.git 472
2023-09-15 11:25:25.861 [warning] [Decorations] CAPPING events from decorations provider vscode.git 474
2023-09-15 11:25:26.945 [info] ExtensionService#_doActivateExtension vscode.debug-auto-launch, startup: false, activationEvent: 'onStartupFinished'
2023-09-15 11:25:27.016 [info] ExtensionService#_doActivateExtension vscode.merge-conflict, startup: false, activationEvent: 'onStartupFinished'
2023-09-15 11:25:27.157 [info] ExtensionService#_doActivateExtension ritwickdey.LiveServer, startup: false, activationEvent: 'onStartupFinished'
2023-09-15 11:25:28.428 [info] ExtensionService#_doActivateExtension vscode.github-authentication, startup: false, activationEvent: 'onAuthenticationRequest:github'
2023-09-15 11:25:29.913 [info] ExtensionService#_doActivateExtension vscode.microsoft-authentication, startup: false, activationEvent: 'onAuthenticationRequest:microsoft'
2023-09-15 11:25:32.346 [warning] [Decorations] CAPPING events from decorations provider vscode.git 478
2023-09-15 11:25:37.427 [warning] [Decorations] CAPPING events from decorations provider vscode.git 478
2023-09-15 11:25:42.521 [warning] [Decorations] CAPPING events from decorations provider vscode.git 478
2023-09-15 11:25:47.645 [warning] [Decorations] CAPPING events from decorations provider vscode.git 478
2023-09-15 11:25:52.714 [warning] [Decorations] CAPPING events from decorations provider vscode.git 478
2023-09-15 11:25:57.796 [warning] [Decorations] CAPPING events from decorations provider vscode.git 477
2023-09-15 11:26:02.910 [warning] [Decorations] CAPPING events from decorations provider vscode.git 477
2023-09-15 11:26:07.976 [warning] [Decorations] CAPPING events from decorations provider vscode.git 477
2023-09-15 11:26:13.108 [warning] [Decorations] CAPPING events from decorations provider vscode.git 477
2023-09-15 11:26:18.365 [warning] [Decorations] CAPPING events from decorations provider vscode.git 477
2023-09-15 11:26:23.808 [warning] [Decorations] CAPPING events from decorations provider vscode.git 477
2023-09-15 11:26:28.901 [warning] [Decorations] CAPPING events from decorations provider vscode.git 477
2023-09-15 11:26:34.019 [warning] [Decorations] CAPPING events from decorations provider vscode.git 477
2023-09-15 11:26:39.094 [warning] [Decorations] CAPPING events from decorations provider vscode.git 477
2023-09-15 11:26:44.199 [warning] [Decorations] CAPPING events from decorations provider vscode.git 477
2023-09-15 11:26:49.261 [warning] [Decorations] CAPPING events from decorations provider vscode.git 477
2023-09-15 11:26:54.316 [warning] [Decorations] CAPPING events from decorations provider vscode.git 477
2023-09-15 11:26:59.378 [warning] [Decorations] CAPPING events from decorations provider vscode.git 477
2023-09-15 11:27:04.440 [warning] [Decorations] CAPPING events from decorations provider vscode.git 477
2023-09-15 11:27:09.507 [warning] [Decorations] CAPPING events from decorations provider vscode.git 477
2023-09-15 11:27:14.581 [warning] [Decorations] CAPPING events from decorations provider vscode.git 477
2023-09-15 11:27:19.645 [warning] [Decorations] CAPPING events from decorations provider vscode.git 477
2023-09-15 11:27:24.729 [warning] [Decorations] CAPPING events from decorations provider vscode.git 477
2023-09-15 11:27:29.802 [warning] [Decorations] CAPPING events from decorations provider vscode.git 477
2023-09-15 11:27:34.877 [warning] [Decorations] CAPPING events from decorations provider vscode.git 477
2023-09-15 11:27:39.996 [warning] [Decorations] CAPPING events from decorations provider vscode.git 477
2023-09-15 11:27:45.103 [warning] [Decorations] CAPPING events from decorations provider vscode.git 480
2023-09-15 11:27:50.245 [warning] [Decorations] CAPPING events from decorations provider vscode.git 481
2023-09-15 11:27:55.398 [warning] [Decorations] CAPPING events from decorations provider vscode.git 480
2023-09-15 11:28:00.525 [warning] [Decorations] CAPPING events from decorations provider vscode.git 480
2023-09-15 11:28:05.686 [warning] [Decorations] CAPPING events from decorations provider vscode.git 480
2023-09-15 11:28:10.864 [warning] [Decorations] CAPPING events from decorations provider vscode.git 480
2023-09-15 11:28:16.203 [warning] [Decorations] CAPPING events from decorations provider vscode.git 480
2023-09-15 11:28:28.862 [warning] [Decorations] CAPPING events from decorations provider vscode.git 482
2023-09-15 11:28:33.944 [warning] [Decorations] CAPPING events from decorations provider vscode.git 479
2023-09-15 11:28:39.058 [warning] [Decorations] CAPPING events from decorations provider vscode.git 479
2023-09-15 11:28:44.132 [warning] [Decorations] CAPPING events from decorations provider vscode.git 479
2023-09-15 11:28:49.230 [warning] [Decorations] CAPPING events from decorations provider vscode.git 479
2023-09-15 11:29:12.505 [warning] [Decorations] CAPPING events from decorations provider vscode.git 479
2023-09-15 11:29:17.613 [warning] [Decorations] CAPPING events from decorations provider vscode.git 479
2023-09-15 11:29:22.747 [warning] [Decorations] CAPPING events from decorations provider vscode.git 480
2023-09-15 11:29:28.104 [warning] [Decorations] CAPPING events from decorations provider vscode.git 481
2023-09-15 11:29:34.204 [warning] [Decorations] CAPPING events from decorations provider vscode.git 480
2023-09-15 11:29:39.310 [warning] [Decorations] CAPPING events from decorations provider vscode.git 481
2023-09-15 11:29:44.416 [warning] [Decorations] CAPPING events from decorations provider vscode.git 481
2023-09-15 11:29:49.521 [warning] [Decorations] CAPPING events from decorations provider vscode.git 481
2023-09-15 11:29:54.606 [warning] [Decorations] CAPPING events from decorations provider vscode.git 481
2023-09-15 11:29:59.661 [warning] [Decorations] CAPPING events from decorations provider vscode.git 481
2023-09-15 11:30:04.730 [warning] [Decorations] CAPPING events from decorations provider vscode.git 481
2023-09-15 11:30:09.838 [warning] [Decorations] CAPPING events from decorations provider vscode.git 482
2023-09-15 11:30:20.304 [warning] [Decorations] CAPPING events from decorations provider vscode.git 481
2023-09-15 11:30:25.366 [warning] [Decorations] CAPPING events from decorations provider vscode.git 481
2023-09-15 11:30:30.416 [warning] [Decorations] CAPPING events from decorations provider vscode.git 481
2023-09-15 11:30:35.516 [warning] [Decorations] CAPPING events from decorations provider vscode.git 481
2023-09-15 11:30:40.639 [warning] [Decorations] CAPPING events from decorations provider vscode.git 481
2023-09-15 11:30:45.717 [warning] [Decorations] CAPPING events from decorations provider vscode.git 481
2023-09-15 11:30:50.787 [warning] [Decorations] CAPPING events from decorations provider vscode.git 481
2023-09-15 11:30:55.923 [warning] [Decorations] CAPPING events from decorations provider vscode.git 481
2023-09-15 11:31:01.006 [warning] [Decorations] CAPPING events from decorations provider vscode.git 481
2023-09-15 11:31:06.212 [warning] [Decorations] CAPPING events from decorations provider vscode.git 482
2023-09-15 11:31:11.555 [warning] [Decorations] CAPPING events from decorations provider vscode.git 482
2023-09-15 11:31:16.687 [warning] [Decorations] CAPPING events from decorations provider vscode.git 483
2023-09-15 11:31:21.777 [warning] [Decorations] CAPPING events from decorations provider vscode.git 484
2023-09-15 11:31:26.918 [warning] [Decorations] CAPPING events from decorations provider vscode.git 483
2023-09-15 11:31:36.656 [warning] [Decorations] CAPPING events from decorations provider vscode.git 483
2023-09-15 11:31:41.832 [warning] [Decorations] CAPPING events from decorations provider vscode.git 484
2023-09-15 11:31:49.210 [warning] [Decorations] CAPPING events from decorations provider vscode.git 485
2023-09-15 11:31:54.338 [warning] [Decorations] CAPPING events from decorations provider vscode.git 484
2023-09-15 11:31:59.420 [warning] [Decorations] CAPPING events from decorations provider vscode.git 484
2023-09-15 11:32:04.494 [warning] [Decorations] CAPPING events from decorations provider vscode.git 485
2023-09-15 11:32:09.619 [warning] [Decorations] CAPPING events from decorations provider vscode.git 486
2023-09-15 11:32:18.106 [warning] [Decorations] CAPPING events from decorations provider vscode.git 485
2023-09-15 11:32:23.185 [warning] [Decorations] CAPPING events from decorations provider vscode.git 485
2023-09-15 11:32:28.294 [warning] [Decorations] CAPPING events from decorations provider vscode.git 486
2023-09-15 11:32:33.354 [warning] [Decorations] CAPPING events from decorations provider vscode.git 486
2023-09-15 11:32:38.406 [warning] [Decorations] CAPPING events from decorations provider vscode.git 486
2023-09-15 11:32:43.577 [warning] [Decorations] CAPPING events from decorations provider vscode.git 486
2023-09-15 11:32:48.693 [warning] [Decorations] CAPPING events from decorations provider vscode.git 486
2023-09-15 11:32:53.740 [warning] [Decorations] CAPPING events from decorations provider vscode.git 484
2023-09-15 11:32:58.819 [warning] [Decorations] CAPPING events from decorations provider vscode.git 484
2023-09-15 11:33:03.933 [warning] [Decorations] CAPPING events from decorations provider vscode.git 484
2023-09-15 11:33:09.027 [warning] [Decorations] CAPPING events from decorations provider vscode.git 484
2023-09-15 11:33:14.100 [warning] [Decorations] CAPPING events from decorations provider vscode.git 484
2023-09-15 11:33:19.189 [warning] [Decorations] CAPPING events from decorations provider vscode.git 484
2023-09-15 11:33:24.255 [warning] [Decorations] CAPPING events from decorations provider vscode.git 484
2023-09-15 11:33:29.318 [warning] [Decorations] CAPPING events from decorations provider vscode.git 484
2023-09-15 11:33:34.493 [warning] [Decorations] CAPPING events from decorations provider vscode.git 484
2023-09-15 11:33:56.260 [warning] [Decorations] CAPPING events from decorations provider vscode.git 485
2023-09-15 11:34:01.338 [warning] [Decorations] CAPPING events from decorations provider vscode.git 484
2023-09-15 11:34:06.398 [warning] [Decorations] CAPPING events from decorations provider vscode.git 484
2023-09-15 11:34:11.469 [warning] [Decorations] CAPPING events from decorations provider vscode.git 484
2023-09-15 11:34:16.574 [warning] [Decorations] CAPPING events from decorations provider vscode.git 484
2023-09-15 11:34:21.720 [warning] [Decorations] CAPPING events from decorations provider vscode.git 484
2023-09-15 11:34:26.804 [warning] [Decorations] CAPPING events from decorations provider vscode.git 484
2023-09-15 11:34:32.240 [warning] [Decorations] CAPPING events from decorations provider vscode.git 484
2023-09-15 11:34:37.409 [warning] [Decorations] CAPPING events from decorations provider vscode.git 484
2023-09-15 11:34:42.532 [warning] [Decorations] CAPPING events from decorations provider vscode.git 484
2023-09-15 11:34:47.599 [warning] [Decorations] CAPPING events from decorations provider vscode.git 484
2023-09-15 11:34:52.646 [warning] [Decorations] CAPPING events from decorations provider vscode.git 485
2023-09-15 11:34:57.711 [warning] [Decorations] CAPPING events from decorations provider vscode.git 485
2023-09-15 11:35:02.774 [warning] [Decorations] CAPPING events from decorations provider vscode.git 485
2023-09-15 11:35:07.919 [warning] [Decorations] CAPPING events from decorations provider vscode.git 485
2023-09-15 11:35:12.965 [warning] [Decorations] CAPPING events from decorations provider vscode.git 485
2023-09-15 11:35:18.015 [warning] [Decorations] CAPPING events from decorations provider vscode.git 485
2023-09-15 11:35:23.210 [warning] [Decorations] CAPPING events from decorations provider vscode.git 486
2023-09-15 11:35:32.243 [warning] [Decorations] CAPPING events from decorations provider vscode.git 485
2023-09-15 11:35:37.590 [warning] [Decorations] CAPPING events from decorations provider vscode.git 485
2023-09-15 11:35:42.671 [warning] [Decorations] CAPPING events from decorations provider vscode.git 485
2023-09-15 11:35:47.729 [warning] [Decorations] CAPPING events from decorations provider vscode.git 485
2023-09-15 11:35:52.830 [warning] [Decorations] CAPPING events from decorations provider vscode.git 485
2023-09-15 11:35:57.968 [warning] [Decorations] CAPPING events from decorations provider vscode.git 485
2023-09-15 11:36:03.154 [warning] [Decorations] CAPPING events from decorations provider vscode.git 486
2023-09-15 11:36:08.366 [warning] [Decorations] CAPPING events from decorations provider vscode.git 487
2023-09-15 11:36:13.533 [warning] [Decorations] CAPPING events from decorations provider vscode.git 486
2023-09-15 11:36:18.573 [warning] [Decorations] CAPPING events from decorations provider vscode.git 486
2023-09-15 11:36:23.784 [warning] [Decorations] CAPPING events from decorations provider vscode.git 486
2023-09-15 11:36:28.836 [warning] [Decorations] CAPPING events from decorations provider vscode.git 486
2023-09-15 11:36:33.934 [warning] [Decorations] CAPPING events from decorations provider vscode.git 486
2023-09-15 11:36:38.996 [warning] [Decorations] CAPPING events from decorations provider vscode.git 486
2023-09-15 11:36:44.386 [warning] [Decorations] CAPPING events from decorations provider vscode.git 486
2023-09-15 11:36:49.475 [warning] [Decorations] CAPPING events from decorations provider vscode.git 486
2023-09-15 11:36:54.534 [warning] [Decorations] CAPPING events from decorations provider vscode.git 486
2023-09-15 11:36:59.639 [warning] [Decorations] CAPPING events from decorations provider vscode.git 486
2023-09-15 11:37:04.685 [warning] [Decorations] CAPPING events from decorations provider vscode.git 486
2023-09-15 11:37:09.995 [warning] [Decorations] CAPPING events from decorations provider vscode.git 486
2023-09-15 11:37:15.054 [warning] [Decorations] CAPPING events from decorations provider vscode.git 486
2023-09-15 11:37:20.139 [warning] [Decorations] CAPPING events from decorations provider vscode.git 486
2023-09-15 11:37:25.502 [warning] [Decorations] CAPPING events from decorations provider vscode.git 486
2023-09-15 11:37:30.593 [warning] [Decorations] CAPPING events from decorations provider vscode.git 486
2023-09-15 11:37:35.686 [warning] [Decorations] CAPPING events from decorations provider vscode.git 486
2023-09-15 11:37:40.788 [warning] [Decorations] CAPPING events from decorations provider vscode.git 486
2023-09-15 11:37:45.855 [warning] [Decorations] CAPPING events from decorations provider vscode.git 486
2023-09-15 11:37:50.990 [warning] [Decorations] CAPPING events from decorations provider vscode.git 486
2023-09-15 11:37:56.290 [warning] [Decorations] CAPPING events from decorations provider vscode.git 483
2023-09-15 11:38:01.398 [warning] [Decorations] CAPPING events from decorations provider vscode.git 483
2023-09-15 11:38:06.560 [warning] [Decorations] CAPPING events from decorations provider vscode.git 483
2023-09-15 11:38:11.637 [warning] [Decorations] CAPPING events from decorations provider vscode.git 483
2023-09-15 11:38:16.696 [warning] [Decorations] CAPPING events from decorations provider vscode.git 483
2023-09-15 11:38:21.808 [warning] [Decorations] CAPPING events from decorations provider vscode.git 483
2023-09-15 11:38:26.905 [warning] [Decorations] CAPPING events from decorations provider vscode.git 483
2023-09-15 11:38:31.980 [warning] [Decorations] CAPPING events from decorations provider vscode.git 483
2023-09-15 11:38:37.072 [warning] [Decorations] CAPPING events from decorations provider vscode.git 483
2023-09-15 11:38:42.391 [warning] [Decorations] CAPPING events from decorations provider vscode.git 483
2023-09-15 11:38:47.492 [warning] [Decorations] CAPPING events from decorations provider vscode.git 483
2023-09-15 11:38:52.629 [warning] [Decorations] CAPPING events from decorations provider vscode.git 483
2023-09-15 11:38:57.716 [warning] [Decorations] CAPPING events from decorations provider vscode.git 483
2023-09-15 11:39:02.824 [warning] [Decorations] CAPPING events from decorations provider vscode.git 483
2023-09-15 11:39:07.862 [warning] [Decorations] CAPPING events from decorations provider vscode.git 484
2023-09-15 11:39:12.946 [warning] [Decorations] CAPPING events from decorations provider vscode.git 484
2023-09-15 11:39:18.010 [warning] [Decorations] CAPPING events from decorations provider vscode.git 484
2023-09-15 11:39:23.064 [warning] [Decorations] CAPPING events from decorations provider vscode.git 484
2023-09-15 11:39:28.102 [warning] [Decorations] CAPPING events from decorations provider vscode.git 484
2023-09-15 11:39:33.245 [warning] [Decorations] CAPPING events from decorations provider vscode.git 484
2023-09-15 11:39:38.291 [warning] [Decorations] CAPPING events from decorations provider vscode.git 484
2023-09-15 11:39:43.403 [warning] [Decorations] CAPPING events from decorations provider vscode.git 484
2023-09-15 11:39:48.451 [warning] [Decorations] CAPPING events from decorations provider vscode.git 484
2023-09-15 11:39:53.521 [warning] [Decorations] CAPPING events from decorations provider vscode.git 484
2023-09-15 11:39:58.576 [warning] [Decorations] CAPPING events from decorations provider vscode.git 484
2023-09-15 11:40:03.722 [warning] [Decorations] CAPPING events from decorations provider vscode.git 484
2023-09-15 11:40:08.774 [warning] [Decorations] CAPPING events from decorations provider vscode.git 484
2023-09-15 11:40:13.852 [warning] [Decorations] CAPPING events from decorations provider vscode.git 484
2023-09-15 11:40:18.936 [warning] [Decorations] CAPPING events from decorations provider vscode.git 484
2023-09-15 11:40:24.065 [warning] [Decorations] CAPPING events from decorations provider vscode.git 484
2023-09-15 11:40:29.129 [warning] [Decorations] CAPPING events from decorations provider vscode.git 484
2023-09-15 11:40:34.174 [warning] [Decorations] CAPPING events from decorations provider vscode.git 484
2023-09-15 11:40:39.217 [warning] [Decorations] CAPPING events from decorations provider vscode.git 484
2023-09-15 11:40:44.290 [warning] [Decorations] CAPPING events from decorations provider vscode.git 484
2023-09-15 11:40:49.583 [warning] [Decorations] CAPPING events from decorations provider vscode.git 484
2023-09-15 11:40:54.629 [warning] [Decorations] CAPPING events from decorations provider vscode.git 484
2023-09-15 11:40:59.692 [warning] [Decorations] CAPPING events from decorations provider vscode.git 484
2023-09-15 11:41:05.740 [warning] [Decorations] CAPPING events from decorations provider vscode.git 484
2023-09-15 11:41:10.870 [warning] [Decorations] CAPPING events from decorations provider vscode.git 484
2023-09-15 11:41:15.952 [warning] [Decorations] CAPPING events from decorations provider vscode.git 484
2023-09-15 11:41:21.096 [warning] [Decorations] CAPPING events from decorations provider vscode.git 484
2023-09-15 11:41:26.835 [warning] [Decorations] CAPPING events from decorations provider vscode.git 484
2023-09-15 11:41:31.900 [warning] [Decorations] CAPPING events from decorations provider vscode.git 484
2023-09-15 11:41:37.000 [warning] [Decorations] CAPPING events from decorations provider vscode.git 484
2023-09-15 11:41:42.077 [warning] [Decorations] CAPPING events from decorations provider vscode.git 484
2023-09-15 11:41:47.153 [warning] [Decorations] CAPPING events from decorations provider vscode.git 484
2023-09-15 11:41:52.211 [warning] [Decorations] CAPPING events from decorations provider vscode.git 484
2023-09-15 11:41:57.362 [warning] [Decorations] CAPPING events from decorations provider vscode.git 484
2023-09-15 11:42:02.424 [warning] [Decorations] CAPPING events from decorations provider vscode.git 484
2023-09-15 11:42:07.506 [warning] [Decorations] CAPPING events from decorations provider vscode.git 484
2023-09-15 11:42:12.578 [warning] [Decorations] CAPPING events from decorations provider vscode.git 484
2023-09-15 11:42:17.712 [warning] [Decorations] CAPPING events from decorations provider vscode.git 484
2023-09-15 11:42:22.771 [warning] [Decorations] CAPPING events from decorations provider vscode.git 484
2023-09-15 11:42:27.870 [warning] [Decorations] CAPPING events from decorations provider vscode.git 484
2023-09-15 11:42:32.941 [warning] [Decorations] CAPPING events from decorations provider vscode.git 484
2023-09-15 11:42:37.996 [warning] [Decorations] CAPPING events from decorations provider vscode.git 484
2023-09-15 11:42:43.043 [warning] [Decorations] CAPPING events from decorations provider vscode.git 484
2023-09-15 11:42:48.099 [warning] [Decorations] CAPPING events from decorations provider vscode.git 484
2023-09-15 11:42:53.144 [warning] [Decorations] CAPPING events from decorations provider vscode.git 484
2023-09-15 11:42:58.188 [warning] [Decorations] CAPPING events from decorations provider vscode.git 484
2023-09-15 11:43:03.234 [warning] [Decorations] CAPPING events from decorations provider vscode.git 484
2023-09-15 11:43:08.333 [warning] [Decorations] CAPPING events from decorations provider vscode.git 484
2023-09-15 11:43:13.377 [warning] [Decorations] CAPPING events from decorations provider vscode.git 484
2023-09-15 11:43:18.528 [warning] [Decorations] CAPPING events from decorations provider vscode.git 484
2023-09-15 11:43:23.637 [warning] [Decorations] CAPPING events from decorations provider vscode.git 484
2023-09-15 11:43:29.047 [warning] [Decorations] CAPPING events from decorations provider vscode.git 484
2023-09-15 11:43:34.130 [warning] [Decorations] CAPPING events from decorations provider vscode.git 484
2023-09-15 11:43:37.356 [info] ExtensionService#_doActivateExtension vscode.html-language-features, startup: false, activationEvent: 'onLanguage:html'
2023-09-15 11:43:39.341 [warning] [Decorations] CAPPING events from decorations provider vscode.git 486
2023-09-15 11:43:44.410 [warning] [Decorations] CAPPING events from decorations provider vscode.git 486
2023-09-15 11:43:49.451 [warning] [Decorations] CAPPING events from decorations provider vscode.git 486
2023-09-15 11:43:54.503 [warning] [Decorations] CAPPING events from decorations provider vscode.git 486
2023-09-15 11:43:59.646 [warning] [Decorations] CAPPING events from decorations provider vscode.git 486
2023-09-15 11:44:24.166 [warning] [Decorations] CAPPING events from decorations provider vscode.git 487
2023-09-15 11:44:29.252 [warning] [Decorations] CAPPING events from decorations provider vscode.git 486
2023-09-15 11:44:34.296 [warning] [Decorations] CAPPING events from decorations provider vscode.git 486
2023-09-15 11:44:39.343 [warning] [Decorations] CAPPING events from decorations provider vscode.git 486
2023-09-15 11:44:44.409 [warning] [Decorations] CAPPING events from decorations provider vscode.git 487
2023-09-15 11:44:49.717 [warning] [Decorations] CAPPING events from decorations provider vscode.git 487
2023-09-15 11:44:55.180 [warning] [Decorations] CAPPING events from decorations provider vscode.git 487
2023-09-15 11:45:00.288 [warning] [Decorations] CAPPING events from decorations provider vscode.git 487
2023-09-15 11:45:05.340 [warning] [Decorations] CAPPING events from decorations provider vscode.git 487
2023-09-15 11:45:10.444 [warning] [Decorations] CAPPING events from decorations provider vscode.git 487
2023-09-15 11:45:15.530 [warning] [Decorations] CAPPING events from decorations provider vscode.git 487
2023-09-15 11:45:20.596 [warning] [Decorations] CAPPING events from decorations provider vscode.git 487
2023-09-15 11:45:25.691 [warning] [Decorations] CAPPING events from decorations provider vscode.git 488
2023-09-15 11:45:51.953 [warning] [Decorations] CAPPING events from decorations provider vscode.git 487
2023-09-15 11:45:56.991 [warning] [Decorations] CAPPING events from decorations provider vscode.git 487
2023-09-15 11:46:02.218 [warning] [Decorations] CAPPING events from decorations provider vscode.git 487
2023-09-15 11:46:07.335 [warning] [Decorations] CAPPING events from decorations provider vscode.git 487
2023-09-15 11:46:12.420 [warning] [Decorations] CAPPING events from decorations provider vscode.git 487
2023-09-15 11:46:17.478 [warning] [Decorations] CAPPING events from decorations provider vscode.git 487
2023-09-15 11:46:22.532 [warning] [Decorations] CAPPING events from decorations provider vscode.git 487
2023-09-15 11:46:27.573 [warning] [Decorations] CAPPING events from decorations provider vscode.git 487
2023-09-15 11:46:32.632 [warning] [Decorations] CAPPING events from decorations provider vscode.git 487
2023-09-15 11:46:37.713 [warning] [Decorations] CAPPING events from decorations provider vscode.git 487
2023-09-15 11:46:42.861 [warning] [Decorations] CAPPING events from decorations provider vscode.git 487
2023-09-15 11:46:48.036 [warning] [Decorations] CAPPING events from decorations provider vscode.git 487
2023-09-15 11:46:53.111 [warning] [Decorations] CAPPING events from decorations provider vscode.git 487
2023-09-15 11:46:58.620 [warning] [Decorations] CAPPING events from decorations provider vscode.git 487
2023-09-15 11:47:03.687 [warning] [Decorations] CAPPING events from decorations provider vscode.git 487
2023-09-15 11:47:08.779 [warning] [Decorations] CAPPING events from decorations provider vscode.git 487
2023-09-15 11:47:13.869 [warning] [Decorations] CAPPING events from decorations provider vscode.git 487
2023-09-15 11:47:18.939 [warning] [Decorations] CAPPING events from decorations provider vscode.git 488
2023-09-15 11:47:24.014 [warning] [Decorations] CAPPING events from decorations provider vscode.git 488
2023-09-15 11:47:39.728 [warning] [Decorations] CAPPING events from decorations provider vscode.git 489
2023-09-15 11:47:44.770 [warning] [Decorations] CAPPING events from decorations provider vscode.git 488
2023-09-15 11:47:49.825 [warning] [Decorations] CAPPING events from decorations provider vscode.git 488
2023-09-15 11:47:54.877 [warning] [Decorations] CAPPING events from decorations provider vscode.git 489
2023-09-15 11:47:59.917 [warning] [Decorations] CAPPING events from decorations provider vscode.git 489
2023-09-15 11:48:04.996 [warning] [Decorations] CAPPING events from decorations provider vscode.git 489
2023-09-15 11:48:10.038 [warning] [Decorations] CAPPING events from decorations provider vscode.git 489
2023-09-15 11:48:15.118 [warning] [Decorations] CAPPING events from decorations provider vscode.git 489
2023-09-15 11:48:20.174 [warning] [Decorations] CAPPING events from decorations provider vscode.git 489
2023-09-15 11:48:25.215 [warning] [Decorations] CAPPING events from decorations provider vscode.git 489
2023-09-15 11:48:30.263 [warning] [Decorations] CAPPING events from decorations provider vscode.git 489
2023-09-15 11:48:35.312 [warning] [Decorations] CAPPING events from decorations provider vscode.git 489
2023-09-15 11:48:40.426 [warning] [Decorations] CAPPING events from decorations provider vscode.git 489
2023-09-15 11:48:45.477 [warning] [Decorations] CAPPING events from decorations provider vscode.git 486
2023-09-15 11:48:50.525 [warning] [Decorations] CAPPING events from decorations provider vscode.git 486
2023-09-15 11:48:55.646 [warning] [Decorations] CAPPING events from decorations provider vscode.git 486
2023-09-15 11:49:00.699 [warning] [Decorations] CAPPING events from decorations provider vscode.git 486
2023-09-15 11:49:05.764 [warning] [Decorations] CAPPING events from decorations provider vscode.git 486
2023-09-15 11:49:10.867 [warning] [Decorations] CAPPING events from decorations provider vscode.git 486
2023-09-15 11:49:15.913 [warning] [Decorations] CAPPING events from decorations provider vscode.git 486
2023-09-15 11:49:21.021 [warning] [Decorations] CAPPING events from decorations provider vscode.git 486
2023-09-15 11:49:26.236 [warning] [Decorations] CAPPING events from decorations provider vscode.git 486
2023-09-15 11:49:31.273 [warning] [Decorations] CAPPING events from decorations provider vscode.git 486
2023-09-15 11:49:36.315 [warning] [Decorations] CAPPING events from decorations provider vscode.git 486
2023-09-15 11:49:41.366 [warning] [Decorations] CAPPING events from decorations provider vscode.git 486
2023-09-15 11:49:46.461 [warning] [Decorations] CAPPING events from decorations provider vscode.git 487
2023-09-15 11:49:53.444 [warning] [Decorations] CAPPING events from decorations provider vscode.git 486
2023-09-15 11:49:58.538 [warning] [Decorations] CAPPING events from decorations provider vscode.git 486
2023-09-15 11:50:03.587 [warning] [Decorations] CAPPING events from decorations provider vscode.git 486
2023-09-15 11:50:08.637 [warning] [Decorations] CAPPING events from decorations provider vscode.git 486
2023-09-15 11:50:13.781 [warning] [Decorations] CAPPING events from decorations provider vscode.git 486
2023-09-15 11:50:25.597 [warning] [Decorations] CAPPING events from decorations provider vscode.git 486
2023-09-15 11:50:30.649 [warning] [Decorations] CAPPING events from decorations provider vscode.git 486
2023-09-15 11:50:35.708 [warning] [Decorations] CAPPING events from decorations provider vscode.git 486
2023-09-15 11:50:40.767 [warning] [Decorations] CAPPING events from decorations provider vscode.git 487
2023-09-15 11:50:45.846 [warning] [Decorations] CAPPING events from decorations provider vscode.git 487
2023-09-15 11:50:50.895 [warning] [Decorations] CAPPING events from decorations provider vscode.git 487
2023-09-15 11:50:55.945 [warning] [Decorations] CAPPING events from decorations provider vscode.git 487
2023-09-15 11:51:01.008 [warning] [Decorations] CAPPING events from decorations provider vscode.git 487
2023-09-15 11:51:06.072 [warning] [Decorations] CAPPING events from decorations provider vscode.git 488
2023-09-15 11:51:11.158 [warning] [Decorations] CAPPING events from decorations provider vscode.git 487
2023-09-15 11:51:16.266 [warning] [Decorations] CAPPING events from decorations provider vscode.git 488
2023-09-15 11:51:24.426 [warning] [Decorations] CAPPING events from decorations provider vscode.git 488
2023-09-15 11:51:29.497 [warning] [Decorations] CAPPING events from decorations provider vscode.git 489
2023-09-15 11:51:42.372 [warning] [Decorations] CAPPING events from decorations provider vscode.git 490
2023-09-15 11:51:47.411 [warning] [Decorations] CAPPING events from decorations provider vscode.git 489
2023-09-15 11:51:52.540 [warning] [Decorations] CAPPING events from decorations provider vscode.git 490
2023-09-15 11:51:57.612 [warning] [Decorations] CAPPING events from decorations provider vscode.git 490
2023-09-15 11:52:02.668 [warning] [Decorations] CAPPING events from decorations provider vscode.git 490
2023-09-15 11:52:15.007 [warning] [Decorations] CAPPING events from decorations provider vscode.git 491
2023-09-15 11:52:20.208 [warning] [Decorations] CAPPING events from decorations provider vscode.git 490
2023-09-15 11:52:25.479 [warning] [Decorations] CAPPING events from decorations provider vscode.git 490
2023-09-15 11:52:30.559 [warning] [Decorations] CAPPING events from decorations provider vscode.git 490
2023-09-15 11:52:35.608 [warning] [Decorations] CAPPING events from decorations provider vscode.git 490
2023-09-15 11:52:40.653 [warning] [Decorations] CAPPING events from decorations provider vscode.git 490
2023-09-15 11:52:45.766 [warning] [Decorations] CAPPING events from decorations provider vscode.git 490
2023-09-15 11:52:50.818 [warning] [Decorations] CAPPING events from decorations provider vscode.git 490
2023-09-15 11:52:55.870 [warning] [Decorations] CAPPING events from decorations provider vscode.git 490
2023-09-15 11:53:00.970 [warning] [Decorations] CAPPING events from decorations provider vscode.git 490
2023-09-15 11:53:06.056 [warning] [Decorations] CAPPING events from decorations provider vscode.git 490
2023-09-15 11:53:11.116 [warning] [Decorations] CAPPING events from decorations provider vscode.git 490
2023-09-15 11:53:16.172 [warning] [Decorations] CAPPING events from decorations provider vscode.git 490
2023-09-15 11:53:21.710 [warning] [Decorations] CAPPING events from decorations provider vscode.git 490
2023-09-15 11:53:27.997 [warning] [Decorations] CAPPING events from decorations provider vscode.git 490
2023-09-15 11:53:33.088 [warning] [Decorations] CAPPING events from decorations provider vscode.git 490
2023-09-15 11:53:38.131 [warning] [Decorations] CAPPING events from decorations provider vscode.git 490
2023-09-15 11:53:43.196 [warning] [Decorations] CAPPING events from decorations provider vscode.git 485
2023-09-15 11:53:48.236 [warning] [Decorations] CAPPING events from decorations provider vscode.git 485
2023-09-15 11:53:53.277 [warning] [Decorations] CAPPING events from decorations provider vscode.git 485
2023-09-15 11:53:58.496 [warning] [Decorations] CAPPING events from decorations provider vscode.git 485
2023-09-15 11:54:03.600 [warning] [Decorations] CAPPING events from decorations provider vscode.git 485
2023-09-15 11:54:08.649 [warning] [Decorations] CAPPING events from decorations provider vscode.git 485
2023-09-15 11:54:13.740 [warning] [Decorations] CAPPING events from decorations provider vscode.git 485
2023-09-15 11:54:19.672 [warning] [Decorations] CAPPING events from decorations provider vscode.git 485
2023-09-15 11:54:24.738 [warning] [Decorations] CAPPING events from decorations provider vscode.git 485
2023-09-15 11:54:29.784 [warning] [Decorations] CAPPING events from decorations provider vscode.git 485
2023-09-15 11:54:34.891 [warning] [Decorations] CAPPING events from decorations provider vscode.git 485
2023-09-15 11:54:39.998 [warning] [Decorations] CAPPING events from decorations provider vscode.git 485
2023-09-15 11:54:45.061 [warning] [Decorations] CAPPING events from decorations provider vscode.git 485
2023-09-15 11:54:50.158 [warning] [Decorations] CAPPING events from decorations provider vscode.git 485
2023-09-15 11:54:55.473 [warning] [Decorations] CAPPING events from decorations provider vscode.git 485
2023-09-15 11:55:00.547 [warning] [Decorations] CAPPING events from decorations provider vscode.git 485
2023-09-15 11:55:05.680 [warning] [Decorations] CAPPING events from decorations provider vscode.git 485
2023-09-15 11:55:10.771 [warning] [Decorations] CAPPING events from decorations provider vscode.git 485
2023-09-15 11:55:15.860 [warning] [Decorations] CAPPING events from decorations provider vscode.git 485
2023-09-15 11:55:20.911 [warning] [Decorations] CAPPING events from decorations provider vscode.git 485
2023-09-15 11:55:25.985 [warning] [Decorations] CAPPING events from decorations provider vscode.git 485
2023-09-15 11:55:31.102 [warning] [Decorations] CAPPING events from decorations provider vscode.git 485
2023-09-15 11:55:36.198 [warning] [Decorations] CAPPING events from decorations provider vscode.git 485
2023-09-15 11:55:41.251 [warning] [Decorations] CAPPING events from decorations provider vscode.git 485
